{"meta": {"format": 3, "version": "7.13.1", "timestamp": "2026-02-17T14:48:45.016531", "branch_coverage": true, "show_contexts": false}, "files": {"src\\handoff\\__init__.py": {"executed_lines": [17, 19, 20, 22, 28], "summary": {"covered_lines": 5, "num_statements": 5, "percent_covered": 100.0, "percent_covered_display": "100", "missing_lines": 0, "excluded_lines": 0, "percent_statements_covered": 100.0, "percent_statements_covered_display": "100", "num_branches": 0, "num_partial_branches": 0, "covered_branches": 0, "missing_branches": 0, "percent_branches_covered": 100.0, "percent_branches_covered_display": "100"}, "missing_lines": [], "excluded_lines": [], "executed_branches": [], "missing_branches": [], "functions": {"": {"executed_lines": [17, 19, 20, 22, 28], "summary": {"covered_lines": 5, "num_statements": 5, "percent_covered": 100.0, "percent_covered_display": "100", "missing_lines": 0, "excluded_lines": 0, "percent_statements_covered": 100.0, "percent_statements_covered_display": "100", "num_branches": 0, "num_partial_branches": 0, "covered_branches": 0, "missing_branches": 0, "percent_branches_covered": 100.0, "percent_branches_covered_display": "100"}, "missing_lines": [], "excluded_lines": [], "start_line": 1, "executed_branches": [], "missing_branches": []}}, "classes": {"": {"executed_lines": [17, 19, 20, 22, 28], "summary": {"covered_lines": 5, "num_statements": 5, "percent_covered": 100.0, "percent_covered_display": "100", "missing_lines": 0, "excluded_lines": 0, "percent_statements_covered": 100.0, "percent_statements_covered_display": "100", "num_branches": 0, "num_partial_branches": 0, "covered_branches": 0, "missing_branches": 0, "percent_branches_covered": 100.0, "percent_branches_covered_display": "100"}, "missing_lines": [], "excluded_lines": [], "start_line": 1, "executed_branches": [], "missing_branches": []}}}, "src\\handoff\\checkpoint_chain.py": {"executed_lines": [14, 16, 17, 18, 19, 22, 23, 37, 38, 39, 40, 41, 42, 43, 45, 46, 56, 57, 68, 75, 82, 83, 84, 86, 92, 94, 100, 101, 102, 104, 105, 106, 110, 111, 112, 113, 114, 115, 116, 121, 122, 124, 134, 135, 137, 138, 141, 142, 144, 153, 154, 156, 165, 168, 169, 174, 175, 176, 177, 179, 181, 190, 193, 194, 198, 199, 200, 202], "summary": {"covered_lines": 68, "num_statements": 72, "percent_covered": 91.48936170212765, "percent_covered_display": "91", "missing_lines": 4, "excluded_lines": 0, "percent_statements_covered": 94.44444444444444, "percent_statements_covered_display": "94", "num_branches": 22, "num_partial_branches": 4, "covered_branches": 18, "missing_branches": 4, "percent_branches_covered": 81.81818181818181, "percent_branches_covered_display": "82"}, "missing_lines": [107, 108, 170, 195], "excluded_lines": [], "executed_branches": [[101, 102], [101, 104], [111, 112], [111, 121], [113, 114], [115, 116], [134, 135], [134, 137], [169, 174], [175, 176], [175, 179], [176, 175], [176, 177], [194, 198], [198, 199], [198, 202], [199, 198], [199, 200]], "missing_branches": [[113, 111], [115, 111], [169, 170], [194, 195]], "functions": {"HandoffCheckpointRef.from_task_metadata": {"executed_lines": [56, 57], "summary": {"covered_lines": 2, "num_statements": 2, "percent_covered": 100.0, "percent_covered_display": "100", "missing_lines": 0, "excluded_lines": 0, "percent_statements_covered": 100.0, "percent_statements_covered_display": "100", "num_branches": 0, "num_partial_branches": 0, "covered_branches": 0, "missing_branches": 0, "percent_branches_covered": 100.0, "percent_branches_covered_display": "100"}, "missing_lines": [], "excluded_lines": [], "start_line": 46, "executed_branches": [], "missing_branches": []}, "CheckpointChain.__init__": {"executed_lines": [82, 83, 84], "summary": {"covered_lines": 3, "num_statements": 3, "percent_covered": 100.0, "percent_covered_display": "100", "missing_lines": 0, "excluded_lines": 0, "percent_statements_covered": 100.0, "percent_statements_covered_display": "100", "num_branches": 0, "num_partial_branches": 0, "covered_branches": 0, "missing_branches": 0, "percent_branches_covered": 100.0, "percent_branches_covered_display": "100"}, "missing_lines": [], "excluded_lines": [], "start_line": 75, "executed_branches": [], "missing_branches": []}, "CheckpointChain._get_task_file_path": {"executed_lines": [92], "summary": {"covered_lines": 1, "num_statements": 1, "percent_covered": 100.0, "percent_covered_display": "100", "missing_lines": 0, "excluded_lines": 0, "percent_statements_covered": 100.0, "percent_statements_covered_display": "100", "num_branches": 0, "num_partial_branches": 0, "covered_branches": 0, "missing_branches": 0, "percent_branches_covered": 100.0, "percent_branches_covered_display": "100"}, "missing_lines": [], "excluded_lines": [], "start_line": 86, "executed_branches": [], "missing_branches": []}, "CheckpointChain._load_all_checkpoints": {"executed_lines": [100, 101, 102, 104, 105, 106, 110, 111, 112, 113, 114, 115, 116, 121, 122], "summary": {"covered_lines": 15, "num_statements": 17, "percent_covered": 84.0, "percent_covered_display": "84", "missing_lines": 2, "excluded_lines": 0, "percent_statements_covered": 88.23529411764706, "percent_statements_covered_display": "88", "num_branches": 8, "num_partial_branches": 2, "covered_branches": 6, "missing_branches": 2, "percent_branches_covered": 75.0, "percent_branches_covered_display": "75"}, "missing_lines": [107, 108], "excluded_lines": [], "start_line": 94, "executed_branches": [[101, 102], [101, 104], [111, 112], [111, 121], [113, 114], [115, 116]], "missing_branches": [[113, 111], [115, 111]]}, "CheckpointChain.get_chain": {"executed_lines": [134, 135, 137, 138, 141, 142], "summary": {"covered_lines": 6, "num_statements": 6, "percent_covered": 100.0, "percent_covered_display": "100", "missing_lines": 0, "excluded_lines": 0, "percent_statements_covered": 100.0, "percent_statements_covered_display": "100", "num_branches": 2, "num_partial_branches": 0, "covered_branches": 2, "missing_branches": 0, "percent_branches_covered": 100.0, "percent_branches_covered_display": "100"}, "missing_lines": [], "excluded_lines": [], "start_line": 124, "executed_branches": [[134, 135], [134, 137]], "missing_branches": []}, "CheckpointChain.get_latest": {"executed_lines": [153, 154], "summary": {"covered_lines": 2, "num_statements": 2, "percent_covered": 100.0, "percent_covered_display": "100", "missing_lines": 0, "excluded_lines": 0, "percent_statements_covered": 100.0, "percent_statements_covered_display": "100", "num_branches": 0, "num_partial_branches": 0, "covered_branches": 0, "missing_branches": 0, "percent_branches_covered": 100.0, "percent_branches_covered_display": "100"}, "missing_lines": [], "excluded_lines": [], "start_line": 144, "executed_branches": [], "missing_branches": []}, "CheckpointChain.get_previous": {"executed_lines": [165, 168, 169, 174, 175, 176, 177, 179], "summary": {"covered_lines": 8, "num_statements": 9, "percent_covered": 86.66666666666667, "percent_covered_display": "87", "missing_lines": 1, "excluded_lines": 0, "percent_statements_covered": 88.88888888888889, "percent_statements_covered_display": "89", "num_branches": 6, "num_partial_branches": 1, "covered_branches": 5, "missing_branches": 1, "percent_branches_covered": 83.33333333333333, "percent_branches_covered_display": "83"}, "missing_lines": [170], "excluded_lines": [], "start_line": 156, "executed_branches": [[169, 174], [175, 176], [175, 179], [176, 175], [176, 177]], "missing_branches": [[169, 170]]}, "CheckpointChain.get_next": {"executed_lines": [190, 193, 194, 198, 199, 200, 202], "summary": {"covered_lines": 7, "num_statements": 8, "percent_covered": 85.71428571428571, "percent_covered_display": "86", "missing_lines": 1, "excluded_lines": 0, "percent_statements_covered": 87.5, "percent_statements_covered_display": "88", "num_branches": 6, "num_partial_branches": 1, "covered_branches": 5, "missing_branches": 1, "percent_branches_covered": 83.33333333333333, "percent_branches_covered_display": "83"}, "missing_lines": [195], "excluded_lines": [], "start_line": 181, "executed_branches": [[194, 198], [198, 199], [198, 202], [199, 198], [199, 200]], "missing_branches": [[194, 195]]}, "": {"executed_lines": [14, 16, 17, 18, 19, 22, 23, 37, 38, 39, 40, 41, 42, 43, 45, 46, 68, 75, 86, 94, 124, 144, 156, 181], "summary": {"covered_lines": 24, "num_statements": 24, "percent_covered": 100.0, "percent_covered_display": "100", "missing_lines": 0, "excluded_lines": 0, "percent_statements_covered": 100.0, "percent_statements_covered_display": "100", "num_branches": 0, "num_partial_branches": 0, "covered_branches": 0, "missing_branches": 0, "percent_branches_covered": 100.0, "percent_branches_covered_display": "100"}, "missing_lines": [], "excluded_lines": [], "start_line": 1, "executed_branches": [], "missing_branches": []}}, "classes": {"HandoffCheckpointRef": {"executed_lines": [56, 57], "summary": {"covered_lines": 2, "num_statements": 2, "percent_covered": 100.0, "percent_covered_display": "100", "missing_lines": 0, "excluded_lines": 0, "percent_statements_covered": 100.0, "percent_statements_covered_display": "100", "num_branches": 0, "num_partial_branches": 0, "covered_branches": 0, "missing_branches": 0, "percent_branches_covered": 100.0, "percent_branches_covered_display": "100"}, "missing_lines": [], "excluded_lines": [], "start_line": 23, "executed_branches": [], "missing_branches": []}, "CheckpointChain": {"executed_lines": [82, 83, 84, 92, 100, 101, 102, 104, 105, 106, 110, 111, 112, 113, 114, 115, 116, 121, 122, 134, 135, 137, 138, 141, 142, 153, 154, 165, 168, 169, 174, 175, 176, 177, 179, 190, 193, 194, 198, 199, 200, 202], "summary": {"covered_lines": 42, "num_statements": 46, "percent_covered": 88.23529411764706, "percent_covered_display": "88", "missing_lines": 4, "excluded_lines": 0, "percent_statements_covered": 91.30434782608695, "percent_statements_covered_display": "91", "num_branches": 22, "num_partial_branches": 4, "covered_branches": 18, "missing_branches": 4, "percent_branches_covered": 81.81818181818181, "percent_branches_covered_display": "82"}, "missing_lines": [107, 108, 170, 195], "excluded_lines": [], "start_line": 68, "executed_branches": [[101, 102], [101, 104], [111, 112], [111, 121], [113, 114], [115, 116], [134, 135], [134, 137], [169, 174], [175, 176], [175, 179], [176, 175], [176, 177], [194, 198], [198, 199], [198, 202], [199, 198], [199, 200]], "missing_branches": [[113, 111], [115, 111], [169, 170], [194, 195]]}, "": {"executed_lines": [14, 16, 17, 18, 19, 22, 23, 37, 38, 39, 40, 41, 42, 43, 45, 46, 68, 75, 86, 94, 124, 144, 156, 181], "summary": {"covered_lines": 24, "num_statements": 24, "percent_covered": 100.0, "percent_covered_display": "100", "missing_lines": 0, "excluded_lines": 0, "percent_statements_covered": 100.0, "percent_statements_covered_display": "100", "num_branches": 0, "num_partial_branches": 0, "covered_branches": 0, "missing_branches": 0, "percent_branches_covered": 100.0, "percent_branches_covered_display": "100"}, "missing_lines": [], "excluded_lines": [], "start_line": 1, "executed_branches": [], "missing_branches": []}}}, "src\\handoff\\checkpoint_ops.py": {"executed_lines": [], "summary": {"covered_lines": 0, "num_statements": 23, "percent_covered": 0.0, "percent_covered_display": "0", "missing_lines": 23, "excluded_lines": 0, "percent_statements_covered": 0.0, "percent_statements_covered_display": "0", "num_branches": 6, "num_partial_branches": 0, "covered_branches": 0, "missing_branches": 6, "percent_branches_covered": 0.0, "percent_branches_covered_display": "0"}, "missing_lines": [18, 20, 21, 24, 25, 51, 52, 53, 54, 55, 57, 63, 65, 66, 79, 80, 83, 84, 85, 88, 89, 90, 92], "excluded_lines": [], "executed_branches": [], "missing_branches": [[79, 80], [79, 83], [84, 85], [84, 88], [89, 90], [89, 92]], "functions": {"PendingOperation.to_dict": {"executed_lines": [], "summary": {"covered_lines": 0, "num_statements": 1, "percent_covered": 0.0, "percent_covered_display": "0", "missing_lines": 1, "excluded_lines": 0, "percent_statements_covered": 0.0, "percent_statements_covered_display": "0", "num_branches": 0, "num_partial_branches": 0, "covered_branches": 0, "missing_branches": 0, "percent_branches_covered": 100.0, "percent_branches_covered_display": "100"}, "missing_lines": [63], "excluded_lines": [], "start_line": 57, "executed_branches": [], "missing_branches": []}, "PendingOperation.from_dict": {"executed_lines": [], "summary": {"covered_lines": 0, "num_statements": 9, "percent_covered": 0.0, "percent_covered_display": "0", "missing_lines": 9, "excluded_lines": 0, "percent_statements_covered": 0.0, "percent_statements_covered_display": "0", "num_branches": 6, "num_partial_branches": 0, "covered_branches": 0, "missing_branches": 6, "percent_branches_covered": 0.0, "percent_branches_covered_display": "0"}, "missing_lines": [79, 80, 83, 84, 85, 88, 89, 90, 92], "excluded_lines": [], "start_line": 66, "executed_branches": [], "missing_branches": [[79, 80], [79, 83], [84, 85], [84, 88], [89, 90], [89, 92]]}, "": {"executed_lines": [], "summary": {"covered_lines": 0, "num_statements": 13, "percent_covered": 0.0, "percent_covered_display": "0", "missing_lines": 13, "excluded_lines": 0, "percent_statements_covered": 0.0, "percent_statements_covered_display": "0", "num_branches": 0, "num_partial_branches": 0, "covered_branches": 0, "missing_branches": 0, "percent_branches_covered": 100.0, "percent_branches_covered_display": "100"}, "missing_lines": [18, 20, 21, 24, 25, 51, 52, 53, 54, 55, 57, 65, 66], "excluded_lines": [], "start_line": 1, "executed_branches": [], "missing_branches": []}}, "classes": {"PendingOperation": {"executed_lines": [], "summary": {"covered_lines": 0, "num_statements": 10, "percent_covered": 0.0, "percent_covered_display": "0", "missing_lines": 10, "excluded_lines": 0, "percent_statements_covered": 0.0, "percent_statements_covered_display": "0", "num_branches": 6, "num_partial_branches": 0, "covered_branches": 0, "missing_branches": 6, "percent_branches_covered": 0.0, "percent_branches_covered_display": "0"}, "missing_lines": [63, 79, 80, 83, 84, 85, 88, 89, 90, 92], "excluded_lines": [], "start_line": 25, "executed_branches": [], "missing_branches": [[79, 80], [79, 83], [84, 85], [84, 88], [89, 90], [89, 92]]}, "": {"executed_lines": [], "summary": {"covered_lines": 0, "num_statements": 13, "percent_covered": 0.0, "percent_covered_display": "0", "missing_lines": 13, "excluded_lines": 0, "percent_statements_covered": 0.0, "percent_statements_covered_display": "0", "num_branches": 0, "num_partial_branches": 0, "covered_branches": 0, "missing_branches": 0, "percent_branches_covered": 100.0, "percent_branches_covered_display": "100"}, "missing_lines": [18, 20, 21, 24, 25, 51, 52, 53, 54, 55, 57, 65, 66], "excluded_lines": [], "start_line": 1, "executed_branches": [], "missing_branches": []}}}, "src\\handoff\\config.py": {"executed_lines": [], "summary": {"covered_lines": 0, "num_statements": 17, "percent_covered": 0.0, "percent_covered_display": "0", "missing_lines": 17, "excluded_lines": 0, "percent_statements_covered": 0.0, "percent_statements_covered_display": "0", "num_branches": 2, "num_partial_branches": 0, "covered_branches": 0, "missing_branches": 2, "percent_branches_covered": 0.0, "percent_branches_covered_display": "0"}, "missing_lines": [7, 9, 10, 13, 16, 17, 24, 25, 28, 31, 34, 44, 45, 46, 49, 51, 52], "excluded_lines": [], "executed_branches": [], "missing_branches": [[44, 45], [44, 46]], "functions": {"get_handoff_dir": {"executed_lines": [], "summary": {"covered_lines": 0, "num_statements": 3, "percent_covered": 0.0, "percent_covered_display": "0", "missing_lines": 3, "excluded_lines": 0, "percent_statements_covered": 0.0, "percent_statements_covered_display": "0", "num_branches": 2, "num_partial_branches": 0, "covered_branches": 0, "missing_branches": 2, "percent_branches_covered": 0.0, "percent_branches_covered_display": "0"}, "missing_lines": [44, 45, 46], "excluded_lines": [], "start_line": 34, "executed_branches": [], "missing_branches": [[44, 45], [44, 46]]}, "ensure_directories": {"executed_lines": [], "summary": {"covered_lines": 0, "num_statements": 2, "percent_covered": 0.0, "percent_covered_display": "0", "missing_lines": 2, "excluded_lines": 0, "percent_statements_covered": 0.0, "percent_statements_covered_display": "0", "num_branches": 0, "num_partial_branches": 0, "covered_branches": 0, "missing_branches": 0, "percent_branches_covered": 100.0, "percent_branches_covered_display": "100"}, "missing_lines": [51, 52], "excluded_lines": [], "start_line": 49, "executed_branches": [], "missing_branches": []}, "": {"executed_lines": [], "summary": {"covered_lines": 0, "num_statements": 12, "percent_covered": 0.0, "percent_covered_display": "0", "missing_lines": 12, "excluded_lines": 0, "percent_statements_covered": 0.0, "percent_statements_covered_display": "0", "num_branches": 0, "num_partial_branches": 0, "covered_branches": 0, "missing_branches": 0, "percent_branches_covered": 100.0, "percent_branches_covered_display": "100"}, "missing_lines": [7, 9, 10, 13, 16, 17, 24, 25, 28, 31, 34, 49], "excluded_lines": [], "start_line": 1, "executed_branches": [], "missing_branches": []}}, "classes": {"": {"executed_lines": [], "summary": {"covered_lines": 0, "num_statements": 17, "percent_covered": 0.0, "percent_covered_display": "0", "missing_lines": 17, "excluded_lines": 0, "percent_statements_covered": 0.0, "percent_statements_covered_display": "0", "num_branches": 2, "num_partial_branches": 0, "covered_branches": 0, "missing_branches": 2, "percent_branches_covered": 0.0, "percent_branches_covered_display": "0"}, "missing_lines": [7, 9, 10, 13, 16, 17, 24, 25, 28, 31, 34, 44, 45, 46, 49, 51, 52], "excluded_lines": [], "start_line": 1, "executed_branches": [], "missing_branches": [[44, 45], [44, 46]]}}}, "src\\handoff\\hooks\\__init__.py": {"executed_lines": [17, 22, 23, 24, 26], "summary": {"covered_lines": 5, "num_statements": 5, "percent_covered": 100.0, "percent_covered_display": "100", "missing_lines": 0, "excluded_lines": 0, "percent_statements_covered": 100.0, "percent_statements_covered_display": "100", "num_branches": 0, "num_partial_branches": 0, "covered_branches": 0, "missing_branches": 0, "percent_branches_covered": 100.0, "percent_branches_covered_display": "100"}, "missing_lines": [], "excluded_lines": [], "executed_branches": [], "missing_branches": [], "functions": {"": {"executed_lines": [17, 22, 23, 24, 26], "summary": {"covered_lines": 5, "num_statements": 5, "percent_covered": 100.0, "percent_covered_display": "100", "missing_lines": 0, "excluded_lines": 0, "percent_statements_covered": 100.0, "percent_statements_covered_display": "100", "num_branches": 0, "num_partial_branches": 0, "covered_branches": 0, "missing_branches": 0, "percent_branches_covered": 100.0, "percent_branches_covered_display": "100"}, "missing_lines": [], "excluded_lines": [], "start_line": 1, "executed_branches": [], "missing_branches": []}}, "classes": {"": {"executed_lines": [17, 22, 23, 24, 26], "summary": {"covered_lines": 5, "num_statements": 5, "percent_covered": 100.0, "percent_covered_display": "100", "missing_lines": 0, "excluded_lines": 0, "percent_statements_covered": 100.0, "percent_statements_covered_display": "100", "num_branches": 0, "num_partial_branches": 0, "covered_branches": 0, "missing_branches": 0, "percent_branches_covered": 100.0, "percent_branches_covered_display": "100"}, "missing_lines": [], "excluded_lines": [], "start_line": 1, "executed_branches": [], "missing_branches": []}}}, "src\\handoff\\hooks\\__lib\\bridge_tokens.py": {"executed_lines": [11, 13, 14, 17, 20, 23, 56, 77, 106], "summary": {"covered_lines": 9, "num_statements": 48, "percent_covered": 14.516129032258064, "percent_covered_display": "15", "missing_lines": 39, "excluded_lines": 0, "percent_statements_covered": 18.75, "percent_statements_covered_display": "19", "num_branches": 14, "num_partial_branches": 0, "covered_branches": 0, "missing_branches": 14, "percent_branches_covered": 0.0, "percent_branches_covered_display": "0"}, "missing_lines": [40, 41, 42, 43, 46, 49, 50, 51, 53, 65, 66, 67, 69, 70, 71, 72, 74, 86, 87, 89, 90, 93, 94, 95, 98, 99, 100, 101, 103, 115, 116, 118, 119, 120, 121, 122, 123, 124, 125], "excluded_lines": [], "executed_branches": [], "missing_branches": [[69, 70], [69, 74], [70, 71], [70, 74], [71, 70], [71, 72], [86, 87], [86, 89], [89, 90], [89, 93], [94, 95], [94, 98], [115, 116], [115, 118]], "functions": {"generate_bridge_token": {"executed_lines": [], "summary": {"covered_lines": 0, "num_statements": 9, "percent_covered": 0.0, "percent_covered_display": "0", "missing_lines": 9, "excluded_lines": 0, "percent_statements_covered": 0.0, "percent_statements_covered_display": "0", "num_branches": 0, "num_partial_branches": 0, "covered_branches": 0, "missing_branches": 0, "percent_branches_covered": 100.0, "percent_branches_covered_display": "100"}, "missing_lines": [40, 41, 42, 43, 46, 49, 50, 51, 53], "excluded_lines": [], "start_line": 23, "executed_branches": [], "missing_branches": []}, "extract_bridge_tokens": {"executed_lines": [], "summary": {"covered_lines": 0, "num_statements": 8, "percent_covered": 0.0, "percent_covered_display": "0", "missing_lines": 8, "excluded_lines": 0, "percent_statements_covered": 0.0, "percent_statements_covered_display": "0", "num_branches": 6, "num_partial_branches": 0, "covered_branches": 0, "missing_branches": 6, "percent_branches_covered": 0.0, "percent_branches_covered_display": "0"}, "missing_lines": [65, 66, 67, 69, 70, 71, 72, 74], "excluded_lines": [], "start_line": 56, "executed_branches": [], "missing_branches": [[69, 70], [69, 74], [70, 71], [70, 74], [71, 70], [71, 72]]}, "validate_bridge_token": {"executed_lines": [], "summary": {"covered_lines": 0, "num_statements": 12, "percent_covered": 0.0, "percent_covered_display": "0", "missing_lines": 12, "excluded_lines": 0, "percent_statements_covered": 0.0, "percent_statements_covered_display": "0", "num_branches": 6, "num_partial_branches": 0, "covered_branches": 0, "missing_branches": 6, "percent_branches_covered": 0.0, "percent_branches_covered_display": "0"}, "missing_lines": [86, 87, 89, 90, 93, 94, 95, 98, 99, 100, 101, 103], "excluded_lines": [], "start_line": 77, "executed_branches": [], "missing_branches": [[86, 87], [86, 89], [89, 90], [89, 93], [94, 95], [94, 98]]}, "get_bridge_token_age": {"executed_lines": [], "summary": {"covered_lines": 0, "num_statements": 10, "percent_covered": 0.0, "percent_covered_display": "0", "missing_lines": 10, "excluded_lines": 0, "percent_statements_covered": 0.0, "percent_statements_covered_display": "0", "num_branches": 2, "num_partial_branches": 0, "covered_branches": 0, "missing_branches": 2, "percent_branches_covered": 0.0, "percent_branches_covered_display": "0"}, "missing_lines": [115, 116, 118, 119, 120, 121, 122, 123, 124, 125], "excluded_lines": [], "start_line": 106, "executed_branches": [], "missing_branches": [[115, 116], [115, 118]]}, "": {"executed_lines": [11, 13, 14, 17, 20, 23, 56, 77, 106], "summary": {"covered_lines": 9, "num_statements": 9, "percent_covered": 100.0, "percent_covered_display": "100", "missing_lines": 0, "excluded_lines": 0, "percent_statements_covered": 100.0, "percent_statements_covered_display": "100", "num_branches": 0, "num_partial_branches": 0, "covered_branches": 0, "missing_branches": 0, "percent_branches_covered": 100.0, "percent_branches_covered_display": "100"}, "missing_lines": [], "excluded_lines": [], "start_line": 1, "executed_branches": [], "missing_branches": []}}, "classes": {"": {"executed_lines": [11, 13, 14, 17, 20, 23, 56, 77, 106], "summary": {"covered_lines": 9, "num_statements": 48, "percent_covered": 14.516129032258064, "percent_covered_display": "15", "missing_lines": 39, "excluded_lines": 0, "percent_statements_covered": 18.75, "percent_statements_covered_display": "19", "num_branches": 14, "num_partial_branches": 0, "covered_branches": 0, "missing_branches": 14, "percent_branches_covered": 0.0, "percent_branches_covered_display": "0"}, "missing_lines": [40, 41, 42, 43, 46, 49, 50, 51, 53, 65, 66, 67, 69, 70, 71, 72, 74, 86, 87, 89, 90, 93, 94, 95, 98, 99, 100, 101, 103, 115, 116, 118, 119, 120, 121, 122, 123, 124, 125], "excluded_lines": [], "start_line": 1, "executed_branches": [], "missing_branches": [[69, 70], [69, 74], [70, 71], [70, 74], [71, 70], [71, 72], [86, 87], [86, 89], [89, 90], [89, 93], [94, 95], [94, 98], [115, 116], [115, 118]]}}}, "src\\handoff\\hooks\\__lib\\handoff_store.py": {"executed_lines": [12, 14, 15, 16, 17, 18, 19, 20, 21, 24, 25, 37, 38, 39, 40, 41, 44, 45, 46, 47, 48, 49, 50, 53, 54, 55, 56, 57, 60, 61, 62, 65, 112, 180, 254, 270, 279, 280, 281, 285, 288, 289, 292, 295, 296, 297, 298, 301, 304, 307, 308, 309, 311, 314, 317, 326, 328, 330, 331, 336, 348, 349, 350, 353, 363, 364, 366, 369, 379, 386, 387, 388, 389, 390, 392, 393, 395, 426, 429, 432, 433, 434, 437, 439, 441, 462, 463, 466, 467, 468, 469, 471, 473], "summary": {"covered_lines": 93, "num_statements": 245, "percent_covered": 33.86581469648562, "percent_covered_display": "34", "missing_lines": 152, "excluded_lines": 0, "percent_statements_covered": 37.95918367346939, "percent_statements_covered_display": "38", "num_branches": 68, "num_partial_branches": 11, "covered_branches": 13, "missing_branches": 55, "percent_branches_covered": 19.11764705882353, "percent_branches_covered_display": "19"}, "missing_lines": [29, 31, 33, 34, 83, 84, 86, 87, 88, 90, 91, 93, 95, 96, 97, 98, 99, 101, 102, 103, 105, 106, 107, 108, 109, 136, 137, 140, 143, 144, 147, 150, 151, 154, 155, 156, 158, 159, 160, 163, 165, 167, 168, 169, 170, 171, 173, 198, 201, 202, 203, 206, 207, 208, 209, 212, 213, 214, 215, 218, 219, 220, 223, 224, 225, 228, 229, 230, 231, 232, 233, 234, 235, 238, 239, 240, 242, 243, 245, 246, 247, 248, 249, 251, 282, 290, 302, 327, 329, 333, 354, 355, 357, 358, 359, 360, 361, 497, 498, 499, 500, 501, 502, 503, 504, 505, 506, 508, 509, 511, 512, 513, 514, 515, 518, 521, 522, 523, 524, 526, 527, 530, 546, 560, 562, 564, 570, 571, 572, 573, 574, 575, 577, 580, 581, 582, 585, 588, 589, 592, 595, 596, 597, 600, 602, 605, 606, 607, 608, 609, 610, 611], "excluded_lines": [], "executed_branches": [[281, 285], [289, 292], [297, 298], [301, 304], [308, 309], [326, 328], [328, 330], [330, 331], [353, 363], [432, 433], [432, 434], [462, 463], [466, 467]], "missing_branches": [[86, -65], [86, 87], [93, 95], [93, 101], [150, 151], [150, 154], [202, 203], [202, 206], [207, 208], [207, 212], [213, 214], [213, 218], [219, 220], [219, 223], [224, 225], [224, 228], [229, 230], [229, 238], [231, 232], [231, 233], [233, 234], [233, 235], [239, 240], [239, 251], [243, 245], [243, 251], [245, 246], [245, 248], [246, 245], [246, 247], [281, 282], [289, 290], [297, 301], [301, 302], [308, 311], [326, 327], [328, 329], [330, 333], [353, 354], [354, 353], [354, 355], [462, 466], [466, 471], [500, 501], [500, 511], [504, 505], [504, 508], [522, 523], [522, 526], [570, 571], [570, 577], [580, 581], [580, 585], [581, 580], [581, 582]], "functions": {"atomic_write_with_retry": {"executed_lines": [], "summary": {"covered_lines": 0, "num_statements": 21, "percent_covered": 0.0, "percent_covered_display": "0", "missing_lines": 21, "excluded_lines": 0, "percent_statements_covered": 0.0, "percent_statements_covered_display": "0", "num_branches": 4, "num_partial_branches": 0, "covered_branches": 0, "missing_branches": 4, "percent_branches_covered": 0.0, "percent_branches_covered_display": "0"}, "missing_lines": [83, 84, 86, 87, 88, 90, 91, 93, 95, 96, 97, 98, 99, 101, 102, 103, 105, 106, 107, 108, 109], "excluded_lines": [], "start_line": 65, "executed_branches": [], "missing_branches": [[86, -65], [86, 87], [93, 95], [93, 101]]}, "atomic_write_with_validation": {"executed_lines": [], "summary": {"covered_lines": 0, "num_statements": 22, "percent_covered": 0.0, "percent_covered_display": "0", "missing_lines": 22, "excluded_lines": 0, "percent_statements_covered": 0.0, "percent_statements_covered_display": "0", "num_branches": 2, "num_partial_branches": 0, "covered_branches": 0, "missing_branches": 2, "percent_branches_covered": 0.0, "percent_branches_covered_display": "0"}, "missing_lines": [136, 137, 140, 143, 144, 147, 150, 151, 154, 155, 156, 158, 159, 160, 163, 165, 167, 168, 169, 170, 171, 173], "excluded_lines": [], "start_line": 112, "executed_branches": [], "missing_branches": [[150, 151], [150, 154]]}, "_validate_handoff_data_size": {"executed_lines": [], "summary": {"covered_lines": 0, "num_statements": 37, "percent_covered": 0.0, "percent_covered_display": "0", "missing_lines": 37, "excluded_lines": 0, "percent_statements_covered": 0.0, "percent_statements_covered_display": "0", "num_branches": 24, "num_partial_branches": 0, "covered_branches": 0, "missing_branches": 24, "percent_branches_covered": 0.0, "percent_branches_covered_display": "0"}, "missing_lines": [198, 201, 202, 203, 206, 207, 208, 209, 212, 213, 214, 215, 218, 219, 220, 223, 224, 225, 228, 229, 230, 231, 232, 233, 234, 235, 238, 239, 240, 242, 243, 245, 246, 247, 248, 249, 251], "excluded_lines": [], "start_line": 180, "executed_branches": [], "missing_branches": [[202, 203], [202, 206], [207, 208], [207, 212], [213, 214], [213, 218], [219, 220], [219, 223], [224, 225], [224, 228], [229, 230], [229, 238], [231, 232], [231, 233], [233, 234], [233, 235], [239, 240], [239, 251], [243, 245], [243, 251], [245, 246], [245, 248], [246, 245], [246, 247]]}, "calculate_quality_score": {"executed_lines": [270, 279, 280, 281, 285, 288, 289, 292, 295, 296, 297, 298, 301, 304, 307, 308, 309, 311, 314], "summary": {"covered_lines": 19, "num_statements": 22, "percent_covered": 75.0, "percent_covered_display": "75", "missing_lines": 3, "excluded_lines": 0, "percent_statements_covered": 86.36363636363636, "percent_statements_covered_display": "86", "num_branches": 10, "num_partial_branches": 5, "covered_branches": 5, "missing_branches": 5, "percent_branches_covered": 50.0, "percent_branches_covered_display": "50"}, "missing_lines": [282, 290, 302], "excluded_lines": [], "start_line": 254, "executed_branches": [[281, 285], [289, 292], [297, 298], [301, 304], [308, 309]], "missing_branches": [[281, 282], [289, 290], [297, 301], [301, 302], [308, 311]]}, "get_quality_rating": {"executed_lines": [326, 328, 330, 331], "summary": {"covered_lines": 4, "num_statements": 7, "percent_covered": 53.84615384615385, "percent_covered_display": "54", "missing_lines": 3, "excluded_lines": 0, "percent_statements_covered": 57.142857142857146, "percent_statements_covered_display": "57", "num_branches": 6, "num_partial_branches": 3, "covered_branches": 3, "missing_branches": 3, "percent_branches_covered": 50.0, "percent_branches_covered_display": "50"}, "missing_lines": [327, 329, 333], "excluded_lines": [], "start_line": 317, "executed_branches": [[326, 328], [328, 330], [330, 331]], "missing_branches": [[326, 327], [328, 329], [330, 333]]}, "enrich_handoff_with_bridge_tokens": {"executed_lines": [348, 349, 350, 353, 363, 364, 366], "summary": {"covered_lines": 7, "num_statements": 14, "percent_covered": 44.44444444444444, "percent_covered_display": "44", "missing_lines": 7, "excluded_lines": 0, "percent_statements_covered": 50.0, "percent_statements_covered_display": "50", "num_branches": 4, "num_partial_branches": 1, "covered_branches": 1, "missing_branches": 3, "percent_branches_covered": 25.0, "percent_branches_covered_display": "25"}, "missing_lines": [354, 355, 357, 358, 359, 360, 361], "excluded_lines": [], "start_line": 336, "executed_branches": [[353, 363]], "missing_branches": [[353, 354], [354, 353], [354, 355]]}, "HandoffStore.__init__": {"executed_lines": [386, 387, 388, 389, 390, 392, 393], "summary": {"covered_lines": 7, "num_statements": 7, "percent_covered": 100.0, "percent_covered_display": "100", "missing_lines": 0, "excluded_lines": 0, "percent_statements_covered": 100.0, "percent_statements_covered_display": "100", "num_branches": 0, "num_partial_branches": 0, "covered_branches": 0, "missing_branches": 0, "percent_branches_covered": 100.0, "percent_branches_covered_display": "100"}, "missing_lines": [], "excluded_lines": [], "start_line": 379, "executed_branches": [], "missing_branches": []}, "HandoffStore.build_handoff_data": {"executed_lines": [426, 429, 432, 433, 434, 437, 439, 441, 462, 463, 466, 467, 468, 469, 471], "summary": {"covered_lines": 15, "num_statements": 15, "percent_covered": 90.47619047619048, "percent_covered_display": "90", "missing_lines": 0, "excluded_lines": 0, "percent_statements_covered": 100.0, "percent_statements_covered_display": "100", "num_branches": 6, "num_partial_branches": 2, "covered_branches": 4, "missing_branches": 2, "percent_branches_covered": 66.66666666666667, "percent_branches_covered_display": "67"}, "missing_lines": [], "excluded_lines": [], "start_line": 395, "executed_branches": [[432, 433], [432, 434], [462, 463], [466, 467]], "missing_branches": [[462, 466], [466, 471]]}, "HandoffStore.create_continue_session_task": {"executed_lines": [], "summary": {"covered_lines": 0, "num_statements": 54, "percent_covered": 0.0, "percent_covered_display": "0", "missing_lines": 54, "excluded_lines": 0, "percent_statements_covered": 0.0, "percent_statements_covered_display": "0", "num_branches": 12, "num_partial_branches": 0, "covered_branches": 0, "missing_branches": 12, "percent_branches_covered": 0.0, "percent_branches_covered_display": "0"}, "missing_lines": [497, 498, 499, 500, 501, 502, 503, 504, 505, 506, 508, 509, 511, 512, 513, 514, 515, 518, 521, 522, 523, 524, 526, 527, 530, 546, 560, 562, 570, 571, 572, 573, 574, 575, 577, 580, 581, 582, 585, 588, 589, 592, 595, 596, 597, 600, 602, 605, 606, 607, 608, 609, 610, 611], "excluded_lines": [], "start_line": 473, "executed_branches": [], "missing_branches": [[500, 501], [500, 511], [504, 505], [504, 508], [522, 523], [522, 526], [570, 571], [570, 577], [580, 581], [580, 585], [581, 580], [581, 582]]}, "HandoffStore.create_continue_session_task._create_empty_task_data": {"executed_lines": [], "summary": {"covered_lines": 0, "num_statements": 1, "percent_covered": 0.0, "percent_covered_display": "0", "missing_lines": 1, "excluded_lines": 0, "percent_statements_covered": 0.0, "percent_statements_covered_display": "0", "num_branches": 0, "num_partial_branches": 0, "covered_branches": 0, "missing_branches": 0, "percent_branches_covered": 100.0, "percent_branches_covered_display": "100"}, "missing_lines": [564], "excluded_lines": [], "start_line": 562, "executed_branches": [], "missing_branches": []}, "": {"executed_lines": [12, 14, 15, 16, 17, 18, 19, 20, 21, 24, 25, 37, 38, 39, 40, 41, 44, 45, 46, 47, 48, 49, 50, 53, 54, 55, 56, 57, 60, 61, 62, 65, 112, 180, 254, 317, 336, 369, 379, 395, 473], "summary": {"covered_lines": 41, "num_statements": 45, "percent_covered": 91.11111111111111, "percent_covered_display": "91", "missing_lines": 4, "excluded_lines": 0, "percent_statements_covered": 91.11111111111111, "percent_statements_covered_display": "91", "num_branches": 0, "num_partial_branches": 0, "covered_branches": 0, "missing_branches": 0, "percent_branches_covered": 100.0, "percent_branches_covered_display": "100"}, "missing_lines": [29, 31, 33, 34], "excluded_lines": [], "start_line": 1, "executed_branches": [], "missing_branches": []}}, "classes": {"HandoffStore": {"executed_lines": [386, 387, 388, 389, 390, 392, 393, 426, 429, 432, 433, 434, 437, 439, 441, 462, 463, 466, 467, 468, 469, 471], "summary": {"covered_lines": 22, "num_statements": 77, "percent_covered": 27.36842105263158, "percent_covered_display": "27", "missing_lines": 55, "excluded_lines": 0, "percent_statements_covered": 28.571428571428573, "percent_statements_covered_display": "29", "num_branches": 18, "num_partial_branches": 2, "covered_branches": 4, "missing_branches": 14, "percent_branches_covered": 22.22222222222222, "percent_branches_covered_display": "22"}, "missing_lines": [497, 498, 499, 500, 501, 502, 503, 504, 505, 506, 508, 509, 511, 512, 513, 514, 515, 518, 521, 522, 523, 524, 526, 527, 530, 546, 560, 562, 564, 570, 571, 572, 573, 574, 575, 577, 580, 581, 582, 585, 588, 589, 592, 595, 596, 597, 600, 602, 605, 606, 607, 608, 609, 610, 611], "excluded_lines": [], "start_line": 369, "executed_branches": [[432, 433], [432, 434], [462, 463], [466, 467]], "missing_branches": [[462, 466], [466, 471], [500, 501], [500, 511], [504, 505], [504, 508], [522, 523], [522, 526], [570, 571], [570, 577], [580, 581], [580, 585], [581, 580], [581, 582]]}, "": {"executed_lines": [12, 14, 15, 16, 17, 18, 19, 20, 21, 24, 25, 37, 38, 39, 40, 41, 44, 45, 46, 47, 48, 49, 50, 53, 54, 55, 56, 57, 60, 61, 62, 65, 112, 180, 254, 270, 279, 280, 281, 285, 288, 289, 292, 295, 296, 297, 298, 301, 304, 307, 308, 309, 311, 314, 317, 326, 328, 330, 331, 336, 348, 349, 350, 353, 363, 364, 366, 369, 379, 395, 473], "summary": {"covered_lines": 71, "num_statements": 168, "percent_covered": 36.69724770642202, "percent_covered_display": "37", "missing_lines": 97, "excluded_lines": 0, "percent_statements_covered": 42.26190476190476, "percent_statements_covered_display": "42", "num_branches": 50, "num_partial_branches": 9, "covered_branches": 9, "missing_branches": 41, "percent_branches_covered": 18.0, "percent_branches_covered_display": "18"}, "missing_lines": [29, 31, 33, 34, 83, 84, 86, 87, 88, 90, 91, 93, 95, 96, 97, 98, 99, 101, 102, 103, 105, 106, 107, 108, 109, 136, 137, 140, 143, 144, 147, 150, 151, 154, 155, 156, 158, 159, 160, 163, 165, 167, 168, 169, 170, 171, 173, 198, 201, 202, 203, 206, 207, 208, 209, 212, 213, 214, 215, 218, 219, 220, 223, 224, 225, 228, 229, 230, 231, 232, 233, 234, 235, 238, 239, 240, 242, 243, 245, 246, 247, 248, 249, 251, 282, 290, 302, 327, 329, 333, 354, 355, 357, 358, 359, 360, 361], "excluded_lines": [], "start_line": 1, "executed_branches": [[281, 285], [289, 292], [297, 298], [301, 304], [308, 309], [326, 328], [328, 330], [330, 331], [353, 363]], "missing_branches": [[86, -65], [86, 87], [93, 95], [93, 101], [150, 151], [150, 154], [202, 203], [202, 206], [207, 208], [207, 212], [213, 214], [213, 218], [219, 220], [219, 223], [224, 225], [224, 228], [229, 230], [229, 238], [231, 232], [231, 233], [233, 234], [233, 235], [239, 240], [239, 251], [243, 245], [243, 251], [245, 246], [245, 248], [246, 245], [246, 247], [281, 282], [289, 290], [297, 301], [301, 302], [308, 311], [326, 327], [328, 329], [330, 333], [353, 354], [354, 353], [354, 355]]}}}, "src\\handoff\\hooks\\__lib\\handover.py": {"executed_lines": [7, 9, 10, 15, 21, 36, 37, 39, 49], "summary": {"covered_lines": 9, "num_statements": 34, "percent_covered": 19.565217391304348, "percent_covered_display": "20", "missing_lines": 25, "excluded_lines": 2, "percent_statements_covered": 26.470588235294116, "percent_statements_covered_display": "26", "num_branches": 12, "num_partial_branches": 0, "covered_branches": 0, "missing_branches": 12, "percent_branches_covered": 0.0, "percent_branches_covered_display": "0"}, "missing_lines": [46, 47, 64, 71, 73, 74, 75, 76, 79, 80, 81, 82, 85, 86, 87, 88, 93, 94, 95, 96, 97, 98, 102, 103, 105], "excluded_lines": [12, 13], "executed_branches": [], "missing_branches": [[74, 75], [74, 79], [80, 81], [80, 85], [86, 87], [86, 93], [94, 95], [94, 105], [95, 96], [95, 105], [97, 95], [97, 98]], "functions": {"HandoverBuilder.__init__": {"executed_lines": [], "summary": {"covered_lines": 0, "num_statements": 2, "percent_covered": 0.0, "percent_covered_display": "0", "missing_lines": 2, "excluded_lines": 0, "percent_statements_covered": 0.0, "percent_statements_covered_display": "0", "num_branches": 0, "num_partial_branches": 0, "covered_branches": 0, "missing_branches": 0, "percent_branches_covered": 100.0, "percent_branches_covered_display": "100"}, "missing_lines": [46, 47], "excluded_lines": [], "start_line": 39, "executed_branches": [], "missing_branches": []}, "HandoverBuilder.build": {"executed_lines": [], "summary": {"covered_lines": 0, "num_statements": 23, "percent_covered": 0.0, "percent_covered_display": "0", "missing_lines": 23, "excluded_lines": 0, "percent_statements_covered": 0.0, "percent_statements_covered_display": "0", "num_branches": 12, "num_partial_branches": 0, "covered_branches": 0, "missing_branches": 12, "percent_branches_covered": 0.0, "percent_branches_covered_display": "0"}, "missing_lines": [64, 71, 73, 74, 75, 76, 79, 80, 81, 82, 85, 86, 87, 88, 93, 94, 95, 96, 97, 98, 102, 103, 105], "excluded_lines": [], "start_line": 49, "executed_branches": [], "missing_branches": [[74, 75], [74, 79], [80, 81], [80, 85], [86, 87], [86, 93], [94, 95], [94, 105], [95, 96], [95, 105], [97, 95], [97, 98]]}, "": {"executed_lines": [7, 9, 10, 15, 21, 36, 37, 39, 49], "summary": {"covered_lines": 9, "num_statements": 9, "percent_covered": 100.0, "percent_covered_display": "100", "missing_lines": 0, "excluded_lines": 2, "percent_statements_covered": 100.0, "percent_statements_covered_display": "100", "num_branches": 0, "num_partial_branches": 0, "covered_branches": 0, "missing_branches": 0, "percent_branches_covered": 100.0, "percent_branches_covered_display": "100"}, "missing_lines": [], "excluded_lines": [12, 13], "start_line": 1, "executed_branches": [], "missing_branches": []}}, "classes": {"HandoverBuilder": {"executed_lines": [], "summary": {"covered_lines": 0, "num_statements": 25, "percent_covered": 0.0, "percent_covered_display": "0", "missing_lines": 25, "excluded_lines": 0, "percent_statements_covered": 0.0, "percent_statements_covered_display": "0", "num_branches": 12, "num_partial_branches": 0, "covered_branches": 0, "missing_branches": 12, "percent_branches_covered": 0.0, "percent_branches_covered_display": "0"}, "missing_lines": [46, 47, 64, 71, 73, 74, 75, 76, 79, 80, 81, 82, 85, 86, 87, 88, 93, 94, 95, 96, 97, 98, 102, 103, 105], "excluded_lines": [], "start_line": 21, "executed_branches": [], "missing_branches": [[74, 75], [74, 79], [80, 81], [80, 85], [86, 87], [86, 93], [94, 95], [94, 105], [95, 96], [95, 105], [97, 95], [97, 98]]}, "": {"executed_lines": [7, 9, 10, 15, 21, 36, 37, 39, 49], "summary": {"covered_lines": 9, "num_statements": 9, "percent_covered": 100.0, "percent_covered_display": "100", "missing_lines": 0, "excluded_lines": 2, "percent_statements_covered": 100.0, "percent_statements_covered_display": "100", "num_branches": 0, "num_partial_branches": 0, "covered_branches": 0, "missing_branches": 0, "percent_branches_covered": 100.0, "percent_branches_covered_display": "100"}, "missing_lines": [], "excluded_lines": [12, 13], "start_line": 1, "executed_branches": [], "missing_branches": []}}}, "src\\handoff\\hooks\\__lib\\task_identity_manager.py": {"executed_lines": [23, 25, 26, 27, 28, 29, 30, 31, 32, 33, 34, 37, 39, 40, 43, 46, 47, 53, 56, 57, 59, 60, 61, 62, 63, 66, 69, 87, 127, 131, 148, 166, 199, 210, 243, 275, 309, 343, 362, 383], "summary": {"covered_lines": 40, "num_statements": 194, "percent_covered": 17.22689075630252, "percent_covered_display": "17", "missing_lines": 154, "excluded_lines": 10, "percent_statements_covered": 20.61855670103093, "percent_statements_covered_display": "21", "num_branches": 44, "num_partial_branches": 1, "covered_branches": 1, "missing_branches": 43, "percent_branches_covered": 2.272727272727273, "percent_branches_covered_display": "2"}, "missing_lines": [48, 50, 51, 77, 78, 82, 83, 84, 85, 103, 104, 105, 106, 108, 115, 116, 117, 118, 119, 120, 121, 122, 125, 129, 133, 134, 135, 138, 139, 140, 141, 143, 144, 145, 146, 150, 151, 152, 153, 154, 156, 157, 158, 159, 160, 161, 162, 163, 164, 168, 169, 171, 172, 181, 182, 183, 186, 187, 188, 190, 191, 192, 193, 194, 195, 197, 207, 208, 220, 222, 225, 233, 234, 236, 237, 239, 240, 241, 256, 257, 265, 266, 268, 269, 271, 272, 273, 288, 290, 291, 293, 296, 299, 300, 302, 303, 305, 306, 307, 323, 324, 325, 327, 335, 336, 337, 339, 340, 341, 350, 351, 352, 353, 354, 355, 356, 358, 359, 360, 371, 372, 373, 374, 375, 376, 377, 378, 379, 381, 395, 396, 398, 399, 400, 401, 403, 404, 406, 407, 408, 409, 410, 413, 414, 415, 416, 417, 418, 419, 421, 422, 424, 425, 427], "excluded_lines": [430, 432, 434, 435, 438, 439, 442, 443, 444, 445], "executed_branches": [[39, 40]], "missing_branches": [[39, 43], [104, 105], [104, 108], [115, 116], [115, 125], [118, 115], [118, 119], [134, 135], [134, 146], [139, 140], [139, 143], [151, 152], [151, 164], [154, 156], [154, 164], [157, 158], [157, 164], [160, 161], [160, 164], [182, 183], [182, 186], [186, 187], [186, 197], [290, 291], [290, 293], [352, 353], [352, 356], [373, 374], [373, 381], [376, 377], [376, 381], [400, 401], [400, 403], [403, 404], [403, 413], [407, 403], [407, 408], [413, 414], [413, 424], [416, 413], [416, 417], [424, 425], [424, 427]], "functions": {"TaskIdentityManager.__init__": {"executed_lines": [], "summary": {"covered_lines": 0, "num_statements": 6, "percent_covered": 0.0, "percent_covered_display": "0", "missing_lines": 6, "excluded_lines": 0, "percent_statements_covered": 0.0, "percent_statements_covered_display": "0", "num_branches": 0, "num_partial_branches": 0, "covered_branches": 0, "missing_branches": 0, "percent_branches_covered": 100.0, "percent_branches_covered_display": "100"}, "missing_lines": [77, 78, 82, 83, 84, 85], "excluded_lines": [], "start_line": 69, "executed_branches": [], "missing_branches": []}, "TaskIdentityManager.get_current_task": {"executed_lines": [], "summary": {"covered_lines": 0, "num_statements": 14, "percent_covered": 0.0, "percent_covered_display": "0", "missing_lines": 14, "excluded_lines": 0, "percent_statements_covered": 0.0, "percent_statements_covered_display": "0", "num_branches": 6, "num_partial_branches": 0, "covered_branches": 0, "missing_branches": 6, "percent_branches_covered": 0.0, "percent_branches_covered_display": "0"}, "missing_lines": [103, 104, 105, 106, 108, 115, 116, 117, 118, 119, 120, 121, 122, 125], "excluded_lines": [], "start_line": 87, "executed_branches": [], "missing_branches": [[104, 105], [104, 108], [115, 116], [115, 125], [118, 115], [118, 119]]}, "TaskIdentityManager._from_env_var": {"executed_lines": [], "summary": {"covered_lines": 0, "num_statements": 1, "percent_covered": 0.0, "percent_covered_display": "0", "missing_lines": 1, "excluded_lines": 0, "percent_statements_covered": 0.0, "percent_statements_covered_display": "0", "num_branches": 0, "num_partial_branches": 0, "covered_branches": 0, "missing_branches": 0, "percent_branches_covered": 100.0, "percent_branches_covered_display": "100"}, "missing_lines": [129], "excluded_lines": [], "start_line": 127, "executed_branches": [], "missing_branches": []}, "TaskIdentityManager._from_session_file": {"executed_lines": [], "summary": {"covered_lines": 0, "num_statements": 11, "percent_covered": 0.0, "percent_covered_display": "0", "missing_lines": 11, "excluded_lines": 0, "percent_statements_covered": 0.0, "percent_statements_covered_display": "0", "num_branches": 4, "num_partial_branches": 0, "covered_branches": 0, "missing_branches": 4, "percent_branches_covered": 0.0, "percent_branches_covered_display": "0"}, "missing_lines": [133, 134, 135, 138, 139, 140, 141, 143, 144, 145, 146], "excluded_lines": [], "start_line": 131, "executed_branches": [], "missing_branches": [[134, 135], [134, 146], [139, 140], [139, 143]]}, "TaskIdentityManager._from_compact_metadata": {"executed_lines": [], "summary": {"covered_lines": 0, "num_statements": 14, "percent_covered": 0.0, "percent_covered_display": "0", "missing_lines": 14, "excluded_lines": 0, "percent_statements_covered": 0.0, "percent_statements_covered_display": "0", "num_branches": 8, "num_partial_branches": 0, "covered_branches": 0, "missing_branches": 8, "percent_branches_covered": 0.0, "percent_branches_covered_display": "0"}, "missing_lines": [150, 151, 152, 153, 154, 156, 157, 158, 159, 160, 161, 162, 163, 164], "excluded_lines": [], "start_line": 148, "executed_branches": [], "missing_branches": [[151, 152], [151, 164], [154, 156], [154, 164], [157, 158], [157, 164], [160, 161], [160, 164]]}, "TaskIdentityManager._from_git_worktree": {"executed_lines": [], "summary": {"covered_lines": 0, "num_statements": 17, "percent_covered": 0.0, "percent_covered_display": "0", "missing_lines": 17, "excluded_lines": 0, "percent_statements_covered": 0.0, "percent_statements_covered_display": "0", "num_branches": 4, "num_partial_branches": 0, "covered_branches": 0, "missing_branches": 4, "percent_branches_covered": 0.0, "percent_branches_covered_display": "0"}, "missing_lines": [168, 169, 171, 172, 181, 182, 183, 186, 187, 188, 190, 191, 192, 193, 194, 195, 197], "excluded_lines": [], "start_line": 166, "executed_branches": [], "missing_branches": [[182, 183], [182, 186], [186, 187], [186, 197]]}, "TaskIdentityManager._ask_user": {"executed_lines": [], "summary": {"covered_lines": 0, "num_statements": 2, "percent_covered": 0.0, "percent_covered_display": "0", "missing_lines": 2, "excluded_lines": 0, "percent_statements_covered": 0.0, "percent_statements_covered_display": "0", "num_branches": 0, "num_partial_branches": 0, "covered_branches": 0, "missing_branches": 0, "percent_branches_covered": 100.0, "percent_branches_covered_display": "100"}, "missing_lines": [207, 208], "excluded_lines": [], "start_line": 199, "executed_branches": [], "missing_branches": []}, "TaskIdentityManager.set_current_task": {"executed_lines": [], "summary": {"covered_lines": 0, "num_statements": 10, "percent_covered": 0.0, "percent_covered_display": "0", "missing_lines": 10, "excluded_lines": 0, "percent_statements_covered": 0.0, "percent_statements_covered_display": "0", "num_branches": 0, "num_partial_branches": 0, "covered_branches": 0, "missing_branches": 0, "percent_branches_covered": 100.0, "percent_branches_covered_display": "100"}, "missing_lines": [220, 222, 225, 233, 234, 236, 237, 239, 240, 241], "excluded_lines": [], "start_line": 210, "executed_branches": [], "missing_branches": []}, "TaskIdentityManager.store_compact_metadata": {"executed_lines": [], "summary": {"covered_lines": 0, "num_statements": 9, "percent_covered": 0.0, "percent_covered_display": "0", "missing_lines": 9, "excluded_lines": 0, "percent_statements_covered": 0.0, "percent_statements_covered_display": "0", "num_branches": 0, "num_partial_branches": 0, "covered_branches": 0, "missing_branches": 0, "percent_branches_covered": 100.0, "percent_branches_covered_display": "100"}, "missing_lines": [256, 257, 265, 266, 268, 269, 271, 272, 273], "excluded_lines": [], "start_line": 243, "executed_branches": [], "missing_branches": []}, "TaskIdentityManager.register_task_worktree_mapping": {"executed_lines": [], "summary": {"covered_lines": 0, "num_statements": 12, "percent_covered": 0.0, "percent_covered_display": "0", "missing_lines": 12, "excluded_lines": 0, "percent_statements_covered": 0.0, "percent_statements_covered_display": "0", "num_branches": 2, "num_partial_branches": 0, "covered_branches": 0, "missing_branches": 2, "percent_branches_covered": 0.0, "percent_branches_covered_display": "0"}, "missing_lines": [288, 290, 291, 293, 296, 299, 300, 302, 303, 305, 306, 307], "excluded_lines": [], "start_line": 275, "executed_branches": [], "missing_branches": [[290, 291], [290, 293]]}, "TaskIdentityManager.record_active_command": {"executed_lines": [], "summary": {"covered_lines": 0, "num_statements": 10, "percent_covered": 0.0, "percent_covered_display": "0", "missing_lines": 10, "excluded_lines": 0, "percent_statements_covered": 0.0, "percent_statements_covered_display": "0", "num_branches": 0, "num_partial_branches": 0, "covered_branches": 0, "missing_branches": 0, "percent_branches_covered": 100.0, "percent_branches_covered_display": "100"}, "missing_lines": [323, 324, 325, 327, 335, 336, 337, 339, 340, 341], "excluded_lines": [], "start_line": 309, "executed_branches": [], "missing_branches": []}, "TaskIdentityManager.clear_active_command": {"executed_lines": [], "summary": {"covered_lines": 0, "num_statements": 10, "percent_covered": 0.0, "percent_covered_display": "0", "missing_lines": 10, "excluded_lines": 0, "percent_statements_covered": 0.0, "percent_statements_covered_display": "0", "num_branches": 2, "num_partial_branches": 0, "covered_branches": 0, "missing_branches": 2, "percent_branches_covered": 0.0, "percent_branches_covered_display": "0"}, "missing_lines": [350, 351, 352, 353, 354, 355, 356, 358, 359, 360], "excluded_lines": [], "start_line": 343, "executed_branches": [], "missing_branches": [[352, 353], [352, 356]]}, "TaskIdentityManager._get_transient_task_id": {"executed_lines": [], "summary": {"covered_lines": 0, "num_statements": 10, "percent_covered": 0.0, "percent_covered_display": "0", "missing_lines": 10, "excluded_lines": 0, "percent_statements_covered": 0.0, "percent_statements_covered_display": "0", "num_branches": 4, "num_partial_branches": 0, "covered_branches": 0, "missing_branches": 4, "percent_branches_covered": 0.0, "percent_branches_covered_display": "0"}, "missing_lines": [371, 372, 373, 374, 375, 376, 377, 378, 379, 381], "excluded_lines": [], "start_line": 362, "executed_branches": [], "missing_branches": [[373, 374], [373, 381], [376, 377], [376, 381]]}, "TaskIdentityManager.cleanup_stale_terminal_files": {"executed_lines": [], "summary": {"covered_lines": 0, "num_statements": 25, "percent_covered": 0.0, "percent_covered_display": "0", "missing_lines": 25, "excluded_lines": 0, "percent_statements_covered": 0.0, "percent_statements_covered_display": "0", "num_branches": 12, "num_partial_branches": 0, "covered_branches": 0, "missing_branches": 12, "percent_branches_covered": 0.0, "percent_branches_covered_display": "0"}, "missing_lines": [395, 396, 398, 399, 400, 401, 403, 404, 406, 407, 408, 409, 410, 413, 414, 415, 416, 417, 418, 419, 421, 422, 424, 425, 427], "excluded_lines": [], "start_line": 383, "executed_branches": [], "missing_branches": [[400, 401], [400, 403], [403, 404], [403, 413], [407, 403], [407, 408], [413, 414], [413, 424], [416, 413], [416, 417], [424, 425], [424, 427]]}, "": {"executed_lines": [23, 25, 26, 27, 28, 29, 30, 31, 32, 33, 34, 37, 39, 40, 43, 46, 47, 53, 56, 57, 59, 60, 61, 62, 63, 66, 69, 87, 127, 131, 148, 166, 199, 210, 243, 275, 309, 343, 362, 383], "summary": {"covered_lines": 40, "num_statements": 43, "percent_covered": 91.11111111111111, "percent_covered_display": "91", "missing_lines": 3, "excluded_lines": 10, "percent_statements_covered": 93.02325581395348, "percent_statements_covered_display": "93", "num_branches": 2, "num_partial_branches": 1, "covered_branches": 1, "missing_branches": 1, "percent_branches_covered": 50.0, "percent_branches_covered_display": "50"}, "missing_lines": [48, 50, 51], "excluded_lines": [430, 432, 434, 435, 438, 439, 442, 443, 444, 445], "start_line": 1, "executed_branches": [[39, 40]], "missing_branches": [[39, 43]]}}, "classes": {"TaskMetadata": {"executed_lines": [], "summary": {"covered_lines": 0, "num_statements": 0, "percent_covered": 100.0, "percent_covered_display": "100", "missing_lines": 0, "excluded_lines": 0, "percent_statements_covered": 100.0, "percent_statements_covered_display": "100", "num_branches": 0, "num_partial_branches": 0, "covered_branches": 0, "missing_branches": 0, "percent_branches_covered": 100.0, "percent_branches_covered_display": "100"}, "missing_lines": [], "excluded_lines": [], "start_line": 57, "executed_branches": [], "missing_branches": []}, "TaskIdentityManager": {"executed_lines": [], "summary": {"covered_lines": 0, "num_statements": 151, "percent_covered": 0.0, "percent_covered_display": "0", "missing_lines": 151, "excluded_lines": 0, "percent_statements_covered": 0.0, "percent_statements_covered_display": "0", "num_branches": 42, "num_partial_branches": 0, "covered_branches": 0, "missing_branches": 42, "percent_branches_covered": 0.0, "percent_branches_covered_display": "0"}, "missing_lines": [77, 78, 82, 83, 84, 85, 103, 104, 105, 106, 108, 115, 116, 117, 118, 119, 120, 121, 122, 125, 129, 133, 134, 135, 138, 139, 140, 141, 143, 144, 145, 146, 150, 151, 152, 153, 154, 156, 157, 158, 159, 160, 161, 162, 163, 164, 168, 169, 171, 172, 181, 182, 183, 186, 187, 188, 190, 191, 192, 193, 194, 195, 197, 207, 208, 220, 222, 225, 233, 234, 236, 237, 239, 240, 241, 256, 257, 265, 266, 268, 269, 271, 272, 273, 288, 290, 291, 293, 296, 299, 300, 302, 303, 305, 306, 307, 323, 324, 325, 327, 335, 336, 337, 339, 340, 341, 350, 351, 352, 353, 354, 355, 356, 358, 359, 360, 371, 372, 373, 374, 375, 376, 377, 378, 379, 381, 395, 396, 398, 399, 400, 401, 403, 404, 406, 407, 408, 409, 410, 413, 414, 415, 416, 417, 418, 419, 421, 422, 424, 425, 427], "excluded_lines": [], "start_line": 66, "executed_branches": [], "missing_branches": [[104, 105], [104, 108], [115, 116], [115, 125], [118, 115], [118, 119], [134, 135], [134, 146], [139, 140], [139, 143], [151, 152], [151, 164], [154, 156], [154, 164], [157, 158], [157, 164], [160, 161], [160, 164], [182, 183], [182, 186], [186, 187], [186, 197], [290, 291], [290, 293], [352, 353], [352, 356], [373, 374], [373, 381], [376, 377], [376, 381], [400, 401], [400, 403], [403, 404], [403, 413], [407, 403], [407, 408], [413, 414], [413, 424], [416, 413], [416, 417], [424, 425], [424, 427]]}, "": {"executed_lines": [23, 25, 26, 27, 28, 29, 30, 31, 32, 33, 34, 37, 39, 40, 43, 46, 47, 53, 56, 57, 59, 60, 61, 62, 63, 66, 69, 87, 127, 131, 148, 166, 199, 210, 243, 275, 309, 343, 362, 383], "summary": {"covered_lines": 40, "num_statements": 43, "percent_covered": 91.11111111111111, "percent_covered_display": "91", "missing_lines": 3, "excluded_lines": 10, "percent_statements_covered": 93.02325581395348, "percent_statements_covered_display": "93", "num_branches": 2, "num_partial_branches": 1, "covered_branches": 1, "missing_branches": 1, "percent_branches_covered": 50.0, "percent_branches_covered_display": "50"}, "missing_lines": [48, 50, 51], "excluded_lines": [430, 432, 434, 435, 438, 439, 442, 443, 444, 445], "start_line": 1, "executed_branches": [[39, 40]], "missing_branches": [[39, 43]]}}}, "src\\handoff\\hooks\\__lib\\transcript.py": {"executed_lines": [12, 14, 15, 16, 17, 18, 19, 23, 76, 163, 173, 183, 205, 213, 246, 274, 312, 329, 346, 348, 350, 352, 354, 360, 361, 362, 364, 382, 391, 394, 395, 396, 397, 402, 415, 418, 423, 424, 425, 426, 440, 441, 442, 444, 451, 452, 453, 454, 458, 459, 461, 473, 474, 477, 478, 480, 482, 483, 484, 489, 491, 505, 563, 620, 687, 760, 816, 890, 901, 902, 905, 907, 909, 950, 951, 952, 953, 955, 956, 967, 976, 977, 980, 982, 983, 984, 985, 986, 989, 992, 993, 994, 995, 997, 1005, 1016, 1035, 1046, 1149, 1172, 1173, 1176, 1177, 1178, 1179, 1181, 1183, 1184, 1187, 1188, 1190, 1191, 1194], "summary": {"covered_lines": 113, "num_statements": 459, "percent_covered": 21.1781206171108, "percent_covered_display": "21", "missing_lines": 346, "excluded_lines": 25, "percent_statements_covered": 24.618736383442265, "percent_statements_covered_display": "25", "num_branches": 254, "num_partial_branches": 20, "covered_branches": 38, "missing_branches": 216, "percent_branches_covered": 14.960629921259843, "percent_branches_covered_display": "15"}, "missing_lines": [34, 64, 67, 68, 69, 72, 73, 85, 88, 112, 115, 124, 127, 136, 139, 140, 142, 144, 145, 146, 147, 148, 149, 150, 153, 154, 155, 156, 157, 158, 160, 179, 180, 181, 189, 190, 192, 193, 194, 196, 198, 199, 200, 201, 202, 203, 211, 222, 224, 226, 227, 229, 230, 233, 234, 236, 237, 240, 241, 244, 258, 259, 261, 262, 263, 264, 266, 267, 268, 269, 270, 272, 284, 285, 287, 288, 290, 291, 292, 294, 295, 296, 297, 298, 299, 300, 301, 302, 303, 304, 307, 308, 310, 318, 319, 321, 322, 323, 324, 325, 326, 371, 372, 374, 375, 376, 379, 380, 392, 398, 399, 400, 416, 419, 420, 427, 432, 433, 434, 435, 436, 437, 445, 449, 455, 456, 475, 485, 487, 503, 511, 512, 513, 515, 518, 519, 521, 523, 524, 525, 527, 530, 532, 533, 534, 536, 542, 544, 550, 551, 552, 553, 558, 559, 561, 580, 582, 583, 584, 586, 588, 589, 590, 591, 592, 594, 595, 596, 597, 600, 601, 611, 612, 615, 616, 618, 631, 632, 633, 635, 637, 638, 639, 640, 641, 642, 643, 645, 646, 649, 659, 660, 661, 662, 663, 670, 671, 672, 675, 681, 683, 684, 685, 702, 704, 705, 706, 708, 710, 717, 720, 721, 722, 723, 726, 728, 731, 734, 736, 745, 746, 747, 748, 750, 752, 753, 755, 756, 758, 772, 774, 775, 776, 778, 780, 791, 792, 793, 795, 796, 799, 800, 802, 803, 804, 805, 806, 808, 809, 811, 812, 814, 828, 830, 831, 832, 834, 836, 855, 856, 857, 859, 860, 861, 864, 865, 866, 868, 869, 870, 872, 880, 882, 883, 885, 886, 888, 903, 910, 912, 917, 918, 921, 922, 925, 926, 927, 928, 929, 933, 934, 935, 936, 937, 938, 939, 941, 962, 963, 965, 978, 987, 1003, 1007, 1008, 1009, 1010, 1011, 1012, 1014, 1026, 1027, 1029, 1030, 1031, 1032, 1033, 1043, 1044, 1060, 1061, 1062, 1064, 1068, 1069, 1072, 1073, 1077, 1081, 1082, 1084, 1085, 1086, 1087, 1088, 1091, 1092, 1093, 1094, 1095, 1096, 1097, 1099, 1107, 1108, 1110], "excluded_lines": [1113, 1115, 1118, 1119, 1120, 1122, 1123, 1124, 1125, 1126, 1127, 1128, 1130, 1131, 1132, 1134, 1135, 1137, 1138, 1140, 1141, 1143, 1144, 1145, 1146], "executed_branches": [[391, 394], [396, -382], [396, 397], [415, 418], [418, 423], [426, 440], [442, 444], [442, 458], [444, 451], [474, 477], [480, 482], [482, 483], [482, 489], [483, 484], [902, 905], [907, 909], [909, 950], [950, 951], [953, 955], [977, 980], [982, 983], [984, 982], [984, 985], [986, 989], [992, 993], [993, 994], [994, 995], [997, 1005], [1172, 1173], [1172, 1176], [1176, 1177], [1176, 1178], [1178, 1179], [1178, 1181], [1183, 1184], [1183, 1187], [1188, 1190], [1188, 1194]], "missing_branches": [[67, 68], [67, 72], [68, 67], [68, 69], [140, 142], [140, 153], [145, 146], [145, 153], [146, 145], [146, 147], [149, 145], [149, 150], [153, 154], [153, 155], [155, 156], [155, 157], [157, 158], [157, 160], [189, 190], [189, 192], [192, 193], [192, 196], [224, 226], [224, 233], [227, 229], [227, 230], [233, 234], [233, 236], [236, 237], [236, 240], [240, 241], [240, 244], [258, 259], [258, 261], [263, 264], [263, 272], [264, 263], [264, 266], [266, 267], [266, 268], [284, 285], [284, 287], [287, 288], [287, 290], [297, 298], [297, 307], [298, 299], [298, 300], [300, 297], [300, 301], [307, 308], [307, 310], [318, 319], [318, 321], [323, -312], [323, 324], [371, 372], [371, 374], [374, 375], [374, 379], [391, 392], [415, 416], [418, 419], [426, 427], [444, 445], [474, 475], [480, 485], [483, 482], [485, 487], [485, 489], [512, 513], [512, 515], [518, 519], [518, 561], [521, 518], [521, 523], [524, 525], [524, 527], [530, 532], [530, 550], [532, 518], [532, 533], [533, 532], [533, 534], [536, 542], [536, 544], [550, 518], [550, 551], [552, 518], [552, 553], [583, 584], [583, 586], [588, 589], [588, 615], [589, 588], [589, 590], [591, 592], [591, 594], [600, 588], [600, 601], [615, 616], [615, 618], [632, 633], [632, 635], [638, 639], [638, 649], [640, 638], [640, 641], [642, 643], [642, 645], [645, 638], [645, 646], [659, 660], [659, 670], [661, 659], [661, 662], [662, 661], [662, 663], [670, 671], [670, 681], [672, 675], [672, 681], [705, 706], [705, 708], [720, 721], [720, 758], [722, 723], [722, 726], [726, 720], [726, 728], [745, 746], [745, 750], [747, 748], [747, 750], [752, 720], [752, 753], [775, 776], [775, 778], [791, 792], [791, 814], [792, 793], [792, 795], [799, 800], [799, 808], [800, 799], [800, 802], [803, 799], [803, 804], [808, 791], [808, 809], [831, 832], [831, 834], [855, 856], [855, 888], [856, 857], [856, 859], [860, 861], [860, 864], [865, 866], [865, 882], [866, 865], [866, 868], [882, 855], [882, 883], [902, 903], [907, 965], [909, 910], [912, 917], [912, 950], [926, 927], [926, 928], [928, 929], [928, 933], [935, 936], [935, 941], [936, 937], [936, 941], [937, 936], [937, 938], [950, 907], [953, 907], [977, 978], [982, 1014], [986, 987], [992, 1007], [993, 982], [994, 993], [997, 1003], [1007, 982], [1007, 1008], [1009, 982], [1009, 1010], [1026, 1027], [1026, 1029], [1061, 1062], [1061, 1064], [1068, 1069], [1068, 1110], [1072, 1068], [1072, 1073], [1077, 1068], [1077, 1081], [1082, 1084], [1082, 1091], [1085, 1086], [1085, 1091], [1086, 1085], [1086, 1087], [1092, 1093], [1092, 1094], [1094, 1095], [1094, 1096], [1096, 1097], [1096, 1099], [1107, 1068], [1107, 1108]], "functions": {"extract_topic_from_content": {"executed_lines": [], "summary": {"covered_lines": 0, "num_statements": 7, "percent_covered": 0.0, "percent_covered_display": "0", "missing_lines": 7, "excluded_lines": 0, "percent_statements_covered": 0.0, "percent_statements_covered_display": "0", "num_branches": 4, "num_partial_branches": 0, "covered_branches": 0, "missing_branches": 4, "percent_branches_covered": 0.0, "percent_branches_covered_display": "0"}, "missing_lines": [34, 64, 67, 68, 69, 72, 73], "excluded_lines": [], "start_line": 23, "executed_branches": [], "missing_branches": [[67, 68], [67, 72], [68, 67], [68, 69]]}, "detect_structure_type": {"executed_lines": [], "summary": {"covered_lines": 0, "num_statements": 24, "percent_covered": 0.0, "percent_covered_display": "0", "missing_lines": 24, "excluded_lines": 0, "percent_statements_covered": 0.0, "percent_statements_covered_display": "0", "num_branches": 14, "num_partial_branches": 0, "covered_branches": 0, "missing_branches": 14, "percent_branches_covered": 0.0, "percent_branches_covered_display": "0"}, "missing_lines": [85, 88, 112, 115, 124, 127, 136, 139, 140, 142, 144, 145, 146, 147, 148, 149, 150, 153, 154, 155, 156, 157, 158, 160], "excluded_lines": [], "start_line": 76, "executed_branches": [], "missing_branches": [[140, 142], [140, 153], [145, 146], [145, 153], [146, 145], [146, 147], [149, 145], [149, 150], [153, 154], [153, 155], [155, 156], [155, 157], [157, 158], [157, 160]]}, "TranscriptLines.__init__": {"executed_lines": [], "summary": {"covered_lines": 0, "num_statements": 3, "percent_covered": 0.0, "percent_covered_display": "0", "missing_lines": 3, "excluded_lines": 0, "percent_statements_covered": 0.0, "percent_statements_covered_display": "0", "num_branches": 0, "num_partial_branches": 0, "covered_branches": 0, "missing_branches": 0, "percent_branches_covered": 100.0, "percent_branches_covered_display": "100"}, "missing_lines": [179, 180, 181], "excluded_lines": [], "start_line": 173, "executed_branches": [], "missing_branches": []}, "TranscriptLines._ensure_length": {"executed_lines": [], "summary": {"covered_lines": 0, "num_statements": 12, "percent_covered": 0.0, "percent_covered_display": "0", "missing_lines": 12, "excluded_lines": 0, "percent_statements_covered": 0.0, "percent_statements_covered_display": "0", "num_branches": 4, "num_partial_branches": 0, "covered_branches": 0, "missing_branches": 4, "percent_branches_covered": 0.0, "percent_branches_covered_display": "0"}, "missing_lines": [189, 190, 192, 193, 194, 196, 198, 199, 200, 201, 202, 203], "excluded_lines": [], "start_line": 183, "executed_branches": [], "missing_branches": [[189, 190], [189, 192], [192, 193], [192, 196]]}, "TranscriptLines.__len__": {"executed_lines": [], "summary": {"covered_lines": 0, "num_statements": 1, "percent_covered": 0.0, "percent_covered_display": "0", "missing_lines": 1, "excluded_lines": 0, "percent_statements_covered": 0.0, "percent_statements_covered_display": "0", "num_branches": 0, "num_partial_branches": 0, "covered_branches": 0, "missing_branches": 0, "percent_branches_covered": 100.0, "percent_branches_covered_display": "100"}, "missing_lines": [211], "excluded_lines": [], "start_line": 205, "executed_branches": [], "missing_branches": []}, "TranscriptLines.__getitem__": {"executed_lines": [], "summary": {"covered_lines": 0, "num_statements": 13, "percent_covered": 0.0, "percent_covered_display": "0", "missing_lines": 13, "excluded_lines": 0, "percent_statements_covered": 0.0, "percent_statements_covered_display": "0", "num_branches": 10, "num_partial_branches": 0, "covered_branches": 0, "missing_branches": 10, "percent_branches_covered": 0.0, "percent_branches_covered_display": "0"}, "missing_lines": [222, 224, 226, 227, 229, 230, 233, 234, 236, 237, 240, 241, 244], "excluded_lines": [], "start_line": 213, "executed_branches": [], "missing_branches": [[224, 226], [224, 233], [227, 229], [227, 230], [233, 234], [233, 236], [236, 237], [236, 240], [240, 241], [240, 244]]}, "TranscriptLines._load_line": {"executed_lines": [], "summary": {"covered_lines": 0, "num_statements": 12, "percent_covered": 0.0, "percent_covered_display": "0", "missing_lines": 12, "excluded_lines": 0, "percent_statements_covered": 0.0, "percent_statements_covered_display": "0", "num_branches": 8, "num_partial_branches": 0, "covered_branches": 0, "missing_branches": 8, "percent_branches_covered": 0.0, "percent_branches_covered_display": "0"}, "missing_lines": [258, 259, 261, 262, 263, 264, 266, 267, 268, 269, 270, 272], "excluded_lines": [], "start_line": 246, "executed_branches": [], "missing_branches": [[258, 259], [258, 261], [263, 264], [263, 272], [264, 263], [264, 266], [266, 267], [266, 268]]}, "TranscriptLines._load_range": {"executed_lines": [], "summary": {"covered_lines": 0, "num_statements": 21, "percent_covered": 0.0, "percent_covered_display": "0", "missing_lines": 21, "excluded_lines": 0, "percent_statements_covered": 0.0, "percent_statements_covered_display": "0", "num_branches": 12, "num_partial_branches": 0, "covered_branches": 0, "missing_branches": 12, "percent_branches_covered": 0.0, "percent_branches_covered_display": "0"}, "missing_lines": [284, 285, 287, 288, 290, 291, 292, 294, 295, 296, 297, 298, 299, 300, 301, 302, 303, 304, 307, 308, 310], "excluded_lines": [], "start_line": 274, "executed_branches": [], "missing_branches": [[284, 285], [284, 287], [287, 288], [287, 290], [297, 298], [297, 307], [298, 299], [298, 300], [300, 297], [300, 301], [307, 308], [307, 310]]}, "TranscriptLines.__iter__": {"executed_lines": [], "summary": {"covered_lines": 0, "num_statements": 8, "percent_covered": 0.0, "percent_covered_display": "0", "missing_lines": 8, "excluded_lines": 0, "percent_statements_covered": 0.0, "percent_statements_covered_display": "0", "num_branches": 4, "num_partial_branches": 0, "covered_branches": 0, "missing_branches": 4, "percent_branches_covered": 0.0, "percent_branches_covered_display": "0"}, "missing_lines": [318, 319, 321, 322, 323, 324, 325, 326], "excluded_lines": [], "start_line": 312, "executed_branches": [], "missing_branches": [[318, 319], [318, 321], [323, -312], [323, 324]]}, "TranscriptParser.__init__": {"executed_lines": [360, 361, 362], "summary": {"covered_lines": 3, "num_statements": 3, "percent_covered": 100.0, "percent_covered_display": "100", "missing_lines": 0, "excluded_lines": 0, "percent_statements_covered": 100.0, "percent_statements_covered_display": "100", "num_branches": 0, "num_partial_branches": 0, "covered_branches": 0, "missing_branches": 0, "percent_branches_covered": 100.0, "percent_branches_covered_display": "100"}, "missing_lines": [], "excluded_lines": [], "start_line": 354, "executed_branches": [], "missing_branches": []}, "TranscriptParser._get_transcript_lines": {"executed_lines": [], "summary": {"covered_lines": 0, "num_statements": 7, "percent_covered": 0.0, "percent_covered_display": "0", "missing_lines": 7, "excluded_lines": 0, "percent_statements_covered": 0.0, "percent_statements_covered_display": "0", "num_branches": 4, "num_partial_branches": 0, "covered_branches": 0, "missing_branches": 4, "percent_branches_covered": 0.0, "percent_branches_covered_display": "0"}, "missing_lines": [371, 372, 374, 375, 376, 379, 380], "excluded_lines": [], "start_line": 364, "executed_branches": [], "missing_branches": [[371, 372], [371, 374], [374, 375], [374, 379]]}, "TranscriptParser._iter_transcript_lines": {"executed_lines": [391, 394, 395, 396, 397], "summary": {"covered_lines": 5, "num_statements": 9, "percent_covered": 61.53846153846154, "percent_covered_display": "62", "missing_lines": 4, "excluded_lines": 0, "percent_statements_covered": 55.55555555555556, "percent_statements_covered_display": "56", "num_branches": 4, "num_partial_branches": 1, "covered_branches": 3, "missing_branches": 1, "percent_branches_covered": 75.0, "percent_branches_covered_display": "75"}, "missing_lines": [392, 398, 399, 400], "excluded_lines": [], "start_line": 382, "executed_branches": [[391, 394], [396, -382], [396, 397]], "missing_branches": [[391, 392]]}, "TranscriptParser._get_parsed_entries": {"executed_lines": [415, 418, 423, 424, 425, 426, 440, 441, 442, 444, 451, 452, 453, 454, 458, 459], "summary": {"covered_lines": 16, "num_statements": 30, "percent_covered": 55.0, "percent_covered_display": "55", "missing_lines": 14, "excluded_lines": 0, "percent_statements_covered": 53.333333333333336, "percent_statements_covered_display": "53", "num_branches": 10, "num_partial_branches": 4, "covered_branches": 6, "missing_branches": 4, "percent_branches_covered": 60.0, "percent_branches_covered_display": "60"}, "missing_lines": [416, 419, 420, 427, 432, 433, 434, 435, 436, 437, 445, 449, 455, 456], "excluded_lines": [], "start_line": 402, "executed_branches": [[415, 418], [418, 423], [426, 440], [442, 444], [442, 458], [444, 451]], "missing_branches": [[415, 416], [418, 419], [426, 427], [444, 445]]}, "TranscriptParser._extract_text_from_entry": {"executed_lines": [473, 474, 477, 478, 480, 482, 483, 484, 489], "summary": {"covered_lines": 9, "num_statements": 12, "percent_covered": 63.63636363636363, "percent_covered_display": "64", "missing_lines": 3, "excluded_lines": 0, "percent_statements_covered": 75.0, "percent_statements_covered_display": "75", "num_branches": 10, "num_partial_branches": 3, "covered_branches": 5, "missing_branches": 5, "percent_branches_covered": 50.0, "percent_branches_covered_display": "50"}, "missing_lines": [475, 485, 487], "excluded_lines": [], "start_line": 461, "executed_branches": [[474, 477], [480, 482], [482, 483], [482, 489], [483, 484]], "missing_branches": [[474, 475], [480, 485], [483, 482], [485, 487], [485, 489]]}, "TranscriptParser._filter_entries_by_type": {"executed_lines": [], "summary": {"covered_lines": 0, "num_statements": 1, "percent_covered": 0.0, "percent_covered_display": "0", "missing_lines": 1, "excluded_lines": 0, "percent_statements_covered": 0.0, "percent_statements_covered_display": "0", "num_branches": 0, "num_partial_branches": 0, "covered_branches": 0, "missing_branches": 0, "percent_branches_covered": 100.0, "percent_branches_covered_display": "100"}, "missing_lines": [503], "excluded_lines": [], "start_line": 491, "executed_branches": [], "missing_branches": []}, "TranscriptParser.extract_current_blocker": {"executed_lines": [], "summary": {"covered_lines": 0, "num_statements": 25, "percent_covered": 0.0, "percent_covered_display": "0", "missing_lines": 25, "excluded_lines": 0, "percent_statements_covered": 0.0, "percent_statements_covered_display": "0", "num_branches": 20, "num_partial_branches": 0, "covered_branches": 0, "missing_branches": 20, "percent_branches_covered": 0.0, "percent_branches_covered_display": "0"}, "missing_lines": [511, 512, 513, 515, 518, 519, 521, 523, 524, 525, 527, 530, 532, 533, 534, 536, 542, 544, 550, 551, 552, 553, 558, 559, 561], "excluded_lines": [], "start_line": 505, "executed_branches": [], "missing_branches": [[512, 513], [512, 515], [518, 519], [518, 561], [521, 518], [521, 523], [524, 525], [524, 527], [530, 532], [530, 550], [532, 518], [532, 533], [533, 532], [533, 534], [536, 542], [536, 544], [550, 518], [550, 551], [552, 518], [552, 553]]}, "TranscriptParser.extract_modifications": {"executed_lines": [], "summary": {"covered_lines": 0, "num_statements": 21, "percent_covered": 0.0, "percent_covered_display": "0", "missing_lines": 21, "excluded_lines": 0, "percent_statements_covered": 0.0, "percent_statements_covered_display": "0", "num_branches": 12, "num_partial_branches": 0, "covered_branches": 0, "missing_branches": 12, "percent_branches_covered": 0.0, "percent_branches_covered_display": "0"}, "missing_lines": [580, 582, 583, 584, 586, 588, 589, 590, 591, 592, 594, 595, 596, 597, 600, 601, 611, 612, 615, 616, 618], "excluded_lines": [], "start_line": 563, "executed_branches": [], "missing_branches": [[583, 584], [583, 586], [588, 589], [588, 615], [589, 588], [589, 590], [591, 592], [591, 594], [600, 588], [600, 601], [615, 616], [615, 618]]}, "TranscriptParser.extract_open_conversation_context": {"executed_lines": [], "summary": {"covered_lines": 0, "num_statements": 27, "percent_covered": 0.0, "percent_covered_display": "0", "missing_lines": 27, "excluded_lines": 0, "percent_statements_covered": 0.0, "percent_statements_covered_display": "0", "num_branches": 20, "num_partial_branches": 0, "covered_branches": 0, "missing_branches": 20, "percent_branches_covered": 0.0, "percent_branches_covered_display": "0"}, "missing_lines": [631, 632, 633, 635, 637, 638, 639, 640, 641, 642, 643, 645, 646, 649, 659, 660, 661, 662, 663, 670, 671, 672, 675, 681, 683, 684, 685], "excluded_lines": [], "start_line": 620, "executed_branches": [], "missing_branches": [[632, 633], [632, 635], [638, 639], [638, 649], [640, 638], [640, 641], [642, 643], [642, 645], [645, 638], [645, 646], [659, 660], [659, 670], [661, 659], [661, 662], [662, 661], [662, 663], [670, 671], [670, 681], [672, 675], [672, 681]]}, "TranscriptParser.extract_session_decisions": {"executed_lines": [], "summary": {"covered_lines": 0, "num_statements": 26, "percent_covered": 0.0, "percent_covered_display": "0", "missing_lines": 26, "excluded_lines": 0, "percent_statements_covered": 0.0, "percent_statements_covered_display": "0", "num_branches": 14, "num_partial_branches": 0, "covered_branches": 0, "missing_branches": 14, "percent_branches_covered": 0.0, "percent_branches_covered_display": "0"}, "missing_lines": [702, 704, 705, 706, 708, 710, 717, 720, 721, 722, 723, 726, 728, 731, 734, 736, 745, 746, 747, 748, 750, 752, 753, 755, 756, 758], "excluded_lines": [], "start_line": 687, "executed_branches": [], "missing_branches": [[705, 706], [705, 708], [720, 721], [720, 758], [722, 723], [722, 726], [726, 720], [726, 728], [745, 746], [745, 750], [747, 748], [747, 750], [752, 720], [752, 753]]}, "TranscriptParser.extract_session_patterns": {"executed_lines": [], "summary": {"covered_lines": 0, "num_statements": 23, "percent_covered": 0.0, "percent_covered_display": "0", "missing_lines": 23, "excluded_lines": 0, "percent_statements_covered": 0.0, "percent_statements_covered_display": "0", "num_branches": 14, "num_partial_branches": 0, "covered_branches": 0, "missing_branches": 14, "percent_branches_covered": 0.0, "percent_branches_covered_display": "0"}, "missing_lines": [772, 774, 775, 776, 778, 780, 791, 792, 793, 795, 796, 799, 800, 802, 803, 804, 805, 806, 808, 809, 811, 812, 814], "excluded_lines": [], "start_line": 760, "executed_branches": [], "missing_branches": [[775, 776], [775, 778], [791, 792], [791, 814], [792, 793], [792, 795], [799, 800], [799, 808], [800, 799], [800, 802], [803, 799], [803, 804], [808, 791], [808, 809]]}, "TranscriptParser.extract_controversial_decisions": {"executed_lines": [], "summary": {"covered_lines": 0, "num_statements": 25, "percent_covered": 0.0, "percent_covered_display": "0", "missing_lines": 25, "excluded_lines": 0, "percent_statements_covered": 0.0, "percent_statements_covered_display": "0", "num_branches": 14, "num_partial_branches": 0, "covered_branches": 0, "missing_branches": 14, "percent_branches_covered": 0.0, "percent_branches_covered_display": "0"}, "missing_lines": [828, 830, 831, 832, 834, 836, 855, 856, 857, 859, 860, 861, 864, 865, 866, 868, 869, 870, 872, 880, 882, 883, 885, 886, 888], "excluded_lines": [], "start_line": 816, "executed_branches": [], "missing_branches": [[831, 832], [831, 834], [855, 856], [855, 888], [856, 857], [856, 859], [860, 861], [860, 864], [865, 866], [865, 882], [866
[...]
 [390, 393]], "missing_branches": [[33, 36], [89, 91], [89, 95], [91, 92], [91, 95], [95, 96], [95, 104], [100, 102], [100, 104], [198, 199], [198, 202], [202, 203], [202, 206], [212, 214], [212, 271], [215, 216], [215, 221], [226, 227], [226, 232], [235, 236], [235, 248], [303, 304], [303, 308], [309, 310], [309, 313], [314, 315], [314, 323], [316, 317], [316, 318], [318, 319], [318, 320], [324, 325], [324, 328], [329, 330], [329, 333], [335, 336], [335, 338], [438, 439], [438, 442], [460, 461], [460, 466], [463, 464], [463, 466]], "functions": {"compute_metadata_checksum": {"executed_lines": [65, 67, 68], "summary": {"covered_lines": 3, "num_statements": 3, "percent_covered": 100.0, "percent_covered_display": "100", "missing_lines": 0, "excluded_lines": 0, "percent_statements_covered": 100.0, "percent_statements_covered_display": "100", "num_branches": 0, "num_partial_branches": 0, "covered_branches": 0, "missing_branches": 0, "percent_branches_covered": 100.0, "percent_branches_covered_display": "100"}, "missing_lines": [], "excluded_lines": [], "start_line": 45, "executed_branches": [], "missing_branches": []}, "load_handoff_json": {"executed_lines": [], "summary": {"covered_lines": 0, "num_statements": 14, "percent_covered": 0.0, "percent_covered_display": "0", "missing_lines": 14, "excluded_lines": 0, "percent_statements_covered": 0.0, "percent_statements_covered_display": "0", "num_branches": 8, "num_partial_branches": 0, "covered_branches": 0, "missing_branches": 8, "percent_branches_covered": 0.0, "percent_branches_covered_display": "0"}, "missing_lines": [85, 86, 89, 91, 92, 95, 96, 98, 99, 100, 102, 104, 105, 106], "excluded_lines": [], "start_line": 71, "executed_branches": [], "missing_branches": [[89, 91], [89, 95], [91, 92], [91, 95], [95, 96], [95, 104], [100, 102], [100, 104]]}, "handoff_to_task": {"executed_lines": [], "summary": {"covered_lines": 0, "num_statements": 2, "percent_covered": 0.0, "percent_covered_display": "0", "missing_lines": 2, "excluded_lines": 0, "percent_statements_covered": 0.0, "percent_statements_covered_display": "0", "num_branches": 0, "num_partial_branches": 0, "covered_branches": 0, "missing_branches": 0, "percent_branches_covered": 100.0, "percent_branches_covered_display": "100"}, "missing_lines": [126, 128], "excluded_lines": [], "start_line": 109, "executed_branches": [], "missing_branches": []}, "migrate_handoffs": {"executed_lines": [], "summary": {"covered_lines": 0, "num_statements": 43, "percent_covered": 0.0, "percent_covered_display": "0", "missing_lines": 43, "excluded_lines": 0, "percent_statements_covered": 0.0, "percent_statements_covered_display": "0", "num_branches": 12, "num_partial_branches": 0, "covered_branches": 0, "missing_branches": 12, "percent_branches_covered": 0.0, "percent_branches_covered_display": "0"}, "missing_lines": [195, 198, 199, 202, 203, 204, 206, 208, 210, 212, 214, 215, 216, 217, 218, 221, 224, 226, 227, 228, 229, 232, 235, 236, 237, 238, 239, 241, 248, 255, 256, 257, 258, 261, 262, 263, 264, 265, 266, 267, 268, 269, 271], "excluded_lines": [], "start_line": 168, "executed_branches": [], "missing_branches": [[198, 199], [198, 202], [202, 203], [202, 206], [212, 214], [212, 271], [215, 216], [215, 221], [226, 227], [226, 232], [235, 236], [235, 248]]}, "validate_handoff_size": {"executed_lines": [], "summary": {"covered_lines": 0, "num_statements": 27, "percent_covered": 0.0, "percent_covered_display": "0", "missing_lines": 27, "excluded_lines": 0, "percent_statements_covered": 0.0, "percent_statements_covered_display": "0", "num_branches": 16, "num_partial_branches": 0, "covered_branches": 0, "missing_branches": 16, "percent_branches_covered": 0.0, "percent_branches_covered_display": "0"}, "missing_lines": [299, 302, 303, 304, 305, 308, 309, 310, 313, 314, 315, 316, 317, 318, 319, 320, 323, 324, 325, 328, 329, 330, 333, 334, 335, 336, 338], "excluded_lines": [], "start_line": 274, "executed_branches": [], "missing_branches": [[303, 304], [303, 308], [309, 310], [309, 313], [314, 315], [314, 323], [316, 317], [316, 318], [318, 319], [318, 320], [324, 325], [324, 328], [329, 330], [329, 333], [335, 336], [335, 338]]}, "migrate_checkpoint_chain_fields": {"executed_lines": [371, 374, 375, 377, 379, 381, 383, 387, 388, 390, 391, 393], "summary": {"covered_lines": 12, "num_statements": 12, "percent_covered": 100.0, "percent_covered_display": "100", "missing_lines": 0, "excluded_lines": 0, "percent_statements_covered": 100.0, "percent_statements_covered_display": "100", "num_branches": 10, "num_partial_branches": 0, "covered_branches": 10, "missing_branches": 0, "percent_branches_covered": 100.0, "percent_branches_covered_display": "100"}, "missing_lines": [], "excluded_lines": [], "start_line": 341, "executed_branches": [[374, 375], [374, 377], [377, 379], [377, 381], [381, 383], [381, 387], [387, 388], [387, 390], [390, 391], [390, 393]], "missing_branches": []}, "main": {"executed_lines": [], "summary": {"covered_lines": 0, "num_statements": 29, "percent_covered": 0.0, "percent_covered_display": "0", "missing_lines": 29, "excluded_lines": 0, "percent_statements_covered": 0.0, "percent_statements_covered_display": "0", "num_branches": 6, "num_partial_branches": 0, "covered_branches": 0, "missing_branches": 6, "percent_branches_covered": 0.0, "percent_branches_covered_display": "0"}, "missing_lines": [405, 407, 410, 415, 419, 424, 430, 433, 435, 436, 438, 439, 440, 442, 443, 444, 445, 447, 454, 455, 456, 457, 458, 460, 461, 462, 463, 464, 466], "excluded_lines": [], "start_line": 396, "executed_branches": [], "missing_branches": [[438, 439], [438, 442], [460, 461], [460, 466], [463, 464], [463, 466]]}, "": {"executed_lines": [21, 23, 24, 25, 26, 27, 28, 29, 32, 33, 34, 36, 37, 45, 71, 109, 168, 274, 341, 396], "summary": {"covered_lines": 20, "num_statements": 24, "percent_covered": 80.76923076923077, "percent_covered_display": "81", "missing_lines": 4, "excluded_lines": 2, "percent_statements_covered": 83.33333333333333, "percent_statements_covered_display": "83", "num_branches": 2, "num_partial_branches": 1, "covered_branches": 1, "missing_branches": 1, "percent_branches_covered": 50.0, "percent_branches_covered_display": "50"}, "missing_lines": [38, 40, 41, 42], "excluded_lines": [469, 470], "start_line": 1, "executed_branches": [[33, 34]], "missing_branches": [[33, 36]]}}, "classes": {"": {"executed_lines": [21, 23, 24, 25, 26, 27, 28, 29, 32, 33, 34, 36, 37, 45, 65, 67, 68, 71, 109, 168, 274, 341, 371, 374, 375, 377, 379, 381, 383, 387, 388, 390, 391, 393, 396], "summary": {"covered_lines": 35, "num_statements": 154, "percent_covered": 22.115384615384617, "percent_covered_display": "22", "missing_lines": 119, "excluded_lines": 2, "percent_statements_covered": 22.727272727272727, "percent_statements_covered_display": "23", "num_branches": 54, "num_partial_branches": 1, "covered_branches": 11, "missing_branches": 43, "percent_branches_covered": 20.37037037037037, "percent_branches_covered_display": "20"}, "missing_lines": [38, 40, 41, 42, 85, 86, 89, 91, 92, 95, 96, 98, 99, 100, 102, 104, 105, 106, 126, 128, 195, 198, 199, 202, 203, 204, 206, 208, 210, 212, 214, 215, 216, 217, 218, 221, 224, 226, 227, 228, 229, 232, 235, 236, 237, 238, 239, 241, 248, 255, 256, 257, 258, 261, 262, 263, 264, 265, 266, 267, 268, 269, 271, 299, 302, 303, 304, 305, 308, 309, 310, 313, 314, 315, 316, 317, 318, 319, 320, 323, 324, 325, 328, 329, 330, 333, 334, 335, 336, 338, 405, 407, 410, 415, 419, 424, 430, 433, 435, 436, 438, 439, 440, 442, 443, 444, 445, 447, 454, 455, 456, 457, 458, 460, 461, 462, 463, 464, 466], "excluded_lines": [469, 470], "start_line": 1, "executed_branches": [[33, 34], [374, 375], [374, 377], [377, 379], [377, 381], [381, 383], [381, 387], [387, 388], [387, 390], [390, 391], [390, 393]], "missing_branches": [[33, 36], [89, 91], [89, 95], [91, 92], [91, 95], [95, 96], [95, 104], [100, 102], [100, 104], [198, 199], [198, 202], [202, 203], [202, 206], [212, 214], [212, 271], [215, 216], [215, 221], [226, 227], [226, 232], [235, 236], [235, 248], [303, 304], [303, 308], [309, 310], [309, 313], [314, 315], [314, 323], [316, 317], [316, 318], [318, 319], [318, 320], [324, 325], [324, 328], [329, 330], [329, 333], [335, 336], [335, 338], [438, 439], [438, 442], [460, 461], [460, 466], [463, 464], [463, 466]]}}}, "src\\handoff\\models.py": {"executed_lines": [13, 15, 16, 19, 20, 34, 35, 36, 37, 38, 40, 46, 48, 49, 62, 63, 66, 67, 68, 71, 72, 73, 75, 84, 85, 122, 123, 124, 127, 128, 129, 132, 133, 134, 135, 136, 137, 138, 139, 140, 141, 142, 143, 144, 145, 146, 147, 148, 149, 150, 153, 156, 158, 164, 166, 170, 172, 173, 186, 192, 193, 197, 198, 199, 200, 204], "summary": {"covered_lines": 66, "num_statements": 69, "percent_covered": 91.56626506024097, "percent_covered_display": "92", "missing_lines": 3, "excluded_lines": 0, "percent_statements_covered": 95.65217391304348, "percent_statements_covered_display": "96", "num_branches": 14, "num_partial_branches": 2, "covered_branches": 10, "missing_branches": 4, "percent_branches_covered": 71.42857142857143, "percent_branches_covered_display": "71"}, "missing_lines": [194, 201, 202], "excluded_lines": [], "executed_branches": [[62, 63], [62, 66], [67, 68], [67, 71], [72, 73], [72, 75], [193, 197], [198, 199], [198, 204], [199, 200]], "missing_branches": [[193, 194], [199, 201], [201, 198], [201, 202]], "functions": {"PendingOperation.to_dict": {"executed_lines": [46], "summary": {"covered_lines": 1, "num_statements": 1, "percent_covered": 100.0, "percent_covered_display": "100", "missing_lines": 0, "excluded_lines": 0, "percent_statements_covered": 100.0, "percent_statements_covered_display": "100", "num_branches": 0, "num_partial_branches": 0, "covered_branches": 0, "missing_branches": 0, "percent_branches_covered": 100.0, "percent_branches_covered_display": "100"}, "missing_lines": [], "excluded_lines": [], "start_line": 40, "executed_branches": [], "missing_branches": []}, "PendingOperation.from_dict": {"executed_lines": [62, 63, 66, 67, 68, 71, 72, 73, 75], "summary": {"covered_lines": 9, "num_statements": 9, "percent_covered": 100.0, "percent_covered_display": "100", "missing_lines": 0, "excluded_lines": 0, "percent_statements_covered": 100.0, "percent_statements_covered_display": "100", "num_branches": 6, "num_partial_branches": 0, "covered_branches": 6, "missing_branches": 0, "percent_branches_covered": 100.0, "percent_branches_covered_display": "100"}, "missing_lines": [], "excluded_lines": [], "start_line": 49, "executed_branches": [[62, 63], [62, 66], [67, 68], [67, 71], [72, 73], [72, 75]], "missing_branches": []}, "HandoffCheckpoint.to_dict": {"executed_lines": [164, 166, 170], "summary": {"covered_lines": 3, "num_statements": 3, "percent_covered": 100.0, "percent_covered_display": "100", "missing_lines": 0, "excluded_lines": 0, "percent_statements_covered": 100.0, "percent_statements_covered_display": "100", "num_branches": 0, "num_partial_branches": 0, "covered_branches": 0, "missing_branches": 0, "percent_branches_covered": 100.0, "percent_branches_covered_display": "100"}, "missing_lines": [], "excluded_lines": [], "start_line": 158, "executed_branches": [], "missing_branches": []}, "HandoffCheckpoint.from_dict": {"executed_lines": [186, 192, 193, 197, 198, 199, 200, 204], "summary": {"covered_lines": 8, "num_statements": 11, "percent_covered": 63.1578947368421, "percent_covered_display": "63", "missing_lines": 3, "excluded_lines": 0, "percent_statements_covered": 72.72727272727273, "percent_statements_covered_display": "73", "num_branches": 8, "num_partial_branches": 2, "covered_branches": 4, "missing_branches": 4, "percent_branches_covered": 50.0, "percent_branches_covered_display": "50"}, "missing_lines": [194, 201, 202], "excluded_lines": [], "start_line": 173, "executed_branches": [[193, 197], [198, 199], [198, 204], [199, 200]], "missing_branches": [[193, 194], [199, 201], [201, 198], [201, 202]]}, "": {"executed_lines": [13, 15, 16, 19, 20, 34, 35, 36, 37, 38, 40, 48, 49, 84, 85, 122, 123, 124, 127, 128, 129, 132, 133, 134, 135, 136, 137, 138, 139, 140, 141, 142, 143, 144, 145, 146, 147, 148, 149, 150, 153, 156, 158, 172, 173], "summary": {"covered_lines": 45, "num_statements": 45, "percent_covered": 100.0, "percent_covered_display": "100", "missing_lines": 0, "excluded_lines": 0, "percent_statements_covered": 100.0, "percent_statements_covered_display": "100", "num_branches": 0, "num_partial_branches": 0, "covered_branches": 0, "missing_branches": 0, "percent_branches_covered": 100.0, "percent_branches_covered_display": "100"}, "missing_lines": [], "excluded_lines": [], "start_line": 1, "executed_branches": [], "missing_branches": []}}, "classes": {"PendingOperation": {"executed_lines": [46, 62, 63, 66, 67, 68, 71, 72, 73, 75], "summary": {"covered_lines": 10, "num_statements": 10, "percent_covered": 100.0, "percent_covered_display": "100", "missing_lines": 0, "excluded_lines": 0, "percent_statements_covered": 100.0, "percent_statements_covered_display": "100", "num_branches": 6, "num_partial_branches": 0, "covered_branches": 6, "missing_branches": 0, "percent_branches_covered": 100.0, "percent_branches_covered_display": "100"}, "missing_lines": [], "excluded_lines": [], "start_line": 20, "executed_branches": [[62, 63], [62, 66], [67, 68], [67, 71], [72, 73], [72, 75]], "missing_branches": []}, "HandoffCheckpoint": {"executed_lines": [164, 166, 170, 186, 192, 193, 197, 198, 199, 200, 204], "summary": {"covered_lines": 11, "num_statements": 14, "percent_covered": 68.18181818181819, "percent_covered_display": "68", "missing_lines": 3, "excluded_lines": 0, "percent_statements_covered": 78.57142857142857, "percent_statements_covered_display": "79", "num_branches": 8, "num_partial_branches": 2, "covered_branches": 4, "missing_branches": 4, "percent_branches_covered": 50.0, "percent_branches_covered_display": "50"}, "missing_lines": [194, 201, 202], "excluded_lines": [], "start_line": 85, "executed_branches": [[193, 197], [198, 199], [198, 204], [199, 200]], "missing_branches": [[193, 194], [199, 201], [201, 198], [201, 202]]}, "": {"executed_lines": [13, 15, 16, 19, 20, 34, 35, 36, 37, 38, 40, 48, 49, 84, 85, 122, 123, 124, 127, 128, 129, 132, 133, 134, 135, 136, 137, 138, 139, 140, 141, 142, 143, 144, 145, 146, 147, 148, 149, 150, 153, 156, 158, 172, 173], "summary": {"covered_lines": 45, "num_statements": 45, "percent_covered": 100.0, "percent_covered_display": "100", "missing_lines": 0, "excluded_lines": 0, "percent_statements_covered": 100.0, "percent_statements_covered_display": "100", "num_branches": 0, "num_partial_branches": 0, "covered_branches": 0, "missing_branches": 0, "percent_branches_covered": 100.0, "percent_branches_covered_display": "100"}, "missing_lines": [], "excluded_lines": [], "start_line": 1, "executed_branches": [], "missing_branches": []}}}, "src\\handoff\\protocol.py": {"executed_lines": [28, 30, 31, 34, 35, 62, 80, 98, 111], "summary": {"covered_lines": 9, "num_statements": 13, "percent_covered": 69.23076923076923, "percent_covered_display": "69", "missing_lines": 4, "excluded_lines": 0, "percent_statements_covered": 69.23076923076923, "percent_statements_covered_display": "69", "num_branches": 0, "num_partial_branches": 0, "covered_branches": 0, "missing_branches": 0, "percent_branches_covered": 100.0, "percent_branches_covered_display": "100"}, "missing_lines": [78, 96, 109, 123], "excluded_lines": [], "executed_branches": [], "missing_branches": [], "functions": {"HandoffStorage.save_handoff": {"executed_lines": [], "summary": {"covered_lines": 0, "num_statements": 1, "percent_covered": 0.0, "percent_covered_display": "0", "missing_lines": 1, "excluded_lines": 0, "percent_statements_covered": 0.0, "percent_statements_covered_display": "0", "num_branches": 0, "num_partial_branches": 0, "covered_branches": 0, "missing_branches": 0, "percent_branches_covered": 100.0, "percent_branches_covered_display": "100"}, "missing_lines": [78], "excluded_lines": [], "start_line": 62, "executed_branches": [], "missing_branches": []}, "HandoffStorage.load_handoff": {"executed_lines": [], "summary": {"covered_lines": 0, "num_statements": 1, "percent_covered": 0.0, "percent_covered_display": "0", "missing_lines": 1, "excluded_lines": 0, "percent_statements_covered": 0.0, "percent_statements_covered_display": "0", "num_branches": 0, "num_partial_branches": 0, "covered_branches": 0, "missing_branches": 0, "percent_branches_covered": 100.0, "percent_branches_covered_display": "100"}, "missing_lines": [96], "excluded_lines": [], "start_line": 80, "executed_branches": [], "missing_branches": []}, "HandoffStorage.list_handoffs": {"executed_lines": [], "summary": {"covered_lines": 0, "num_statements": 1, "percent_covered": 0.0, "percent_covered_display": "0", "missing_lines": 1, "excluded_lines": 0, "percent_statements_covered": 0.0, "percent_statements_covered_display": "0", "num_branches": 0, "num_partial_branches": 0, "covered_branches": 0, "missing_branches": 0, "percent_branches_covered": 100.0, "percent_branches_covered_display": "100"}, "missing_lines": [109], "excluded_lines": [], "start_line": 98, "executed_branches": [], "missing_branches": []}, "HandoffStorage.delete_handoff": {"executed_lines": [], "summary": {"covered_lines": 0, "num_statements": 1, "percent_covered": 0.0, "percent_covered_display": "0", "missing_lines": 1, "excluded_lines": 0, "percent_statements_covered": 0.0, "percent_statements_covered_display": "0", "num_branches": 0, "num_partial_branches": 0, "covered_branches": 0, "missing_branches": 0, "percent_branches_covered": 100.0, "percent_branches_covered_display": "100"}, "missing_lines": [123], "excluded_lines": [], "start_line": 111, "executed_branches": [], "missing_branches": []}, "": {"executed_lines": [28, 30, 31, 34, 35, 62, 80, 98, 111], "summary": {"covered_lines": 9, "num_statements": 9, "percent_covered": 100.0, "percent_covered_display": "100", "missing_lines": 0, "excluded_lines": 0, "percent_statements_covered": 100.0, "percent_statements_covered_display": "100", "num_branches": 0, "num_partial_branches": 0, "covered_branches": 0, "missing_branches": 0, "percent_branches_covered": 100.0, "percent_branches_covered_display": "100"}, "missing_lines": [], "excluded_lines": [], "start_line": 1, "executed_branches": [], "missing_branches": []}}, "classes": {"HandoffStorage": {"executed_lines": [], "summary": {"covered_lines": 0, "num_statements": 4, "percent_covered": 0.0, "percent_covered_display": "0", "missing_lines": 4, "excluded_lines": 0, "percent_statements_covered": 0.0, "percent_statements_covered_display": "0", "num_branches": 0, "num_partial_branches": 0, "covered_branches": 0, "missing_branches": 0, "percent_branches_covered": 100.0, "percent_branches_covered_display": "100"}, "missing_lines": [78, 96, 109, 123], "excluded_lines": [], "start_line": 35, "executed_branches": [], "missing_branches": []}, "": {"executed_lines": [28, 30, 31, 34, 35, 62, 80, 98, 111], "summary": {"covered_lines": 9, "num_statements": 9, "percent_covered": 100.0, "percent_covered_display": "100", "missing_lines": 0, "excluded_lines": 0, "percent_statements_covered": 100.0, "percent_statements_covered_display": "100", "num_branches": 0, "num_partial_branches": 0, "covered_branches": 0, "missing_branches": 0, "percent_branches_covered": 100.0, "percent_branches_covered_display": "100"}, "missing_lines": [], "excluded_lines": [], "start_line": 1, "executed_branches": [], "missing_branches": []}}}}, "totals": {"covered_lines": 452, "num_statements": 1338, "percent_covered": 29.704595185995622, "percent_covered_display": "30", "missing_lines": 886, "excluded_lines": 39, "percent_statements_covered": 33.78176382660688, "percent_statements_covered_display": "34", "num_branches": 490, "num_partial_branches": 39, "covered_branches": 91, "missing_branches": 399, "percent_branches_covered": 18.571428571428573, "percent_branches_covered_display": "19"}}